[0.043s] -- Root directory of OpenVSLAM: /home/mirellameelo/openvslam
[0.043s] -- Source directory of OpenVSLAM: /home/mirellameelo/openvslam/src
[0.043s] -- Library directory of OpenVSLAM: /home/mirellameelo/openvslam/build/lib
[0.043s] -- Build type: Release
[0.043s] -- Address/Memory sanitizer: DISABLED
[0.043s] -- Stack trace logger: DISABLED
[0.043s] -- Google Perftools: DISABLED
[0.043s] -- Architecture-aware optimization (-march=native): DISABLED
[0.044s] -- C++11 support: OK (-std=c++17)
[0.044s] -- Found ament_cmake: 0.7.4 (/opt/ros/dashing/share/ament_cmake/cmake)
[0.069s] -- Using PYTHON_EXECUTABLE: /usr/bin/python3
[0.232s] -- Override CMake install command with custom implementation using symlinks instead of copying resources
[0.236s] -- Found rclcpp: 0.7.13 (/opt/ros/dashing/share/rclcpp/cmake)
[0.246s] -- Found rosidl_adapter: 0.7.9 (/opt/ros/dashing/share/rosidl_adapter/cmake)
[0.269s] -- Found rmw_implementation_cmake: 0.7.2 (/opt/ros/dashing/share/rmw_implementation_cmake/cmake)
[0.271s] -- Using RMW implementation 'rmw_fastrtps_cpp' as default
[0.289s] -- Found cv_bridge: 2.1.3 (/home/mirellameelo/ws/vision_opencv/install/cv_bridge/share/cv_bridge/cmake)
[0.295s] -- Found image_transport: 2.1.1 (/home/mirellameelo/ws/image_common-dashing/install/image_transport/share/image_transport/cmake)
[0.327s] -- Found tinyxml2_vendor:  (/opt/ros/dashing/share/tinyxml2_vendor/cmake)
[0.335s] -- Found poco_vendor:  (/opt/ros/dashing/share/poco_vendor/cmake)
[0.344s] -- Use OpenCV 3.4.0
[0.346s] -- BoW framework: DBoW2 (found in /usr/local/include)
[0.347s] -- Viewer for examples: pangolin viewer
[0.451s] -- Configuring done
[0.497s] -- Generating done
[0.499s] -- Build files have been written to: /home/mirellameelo/openvslam/ros2/build/openvslam
[0.526s] [35m[1mScanning dependencies of target run_localization[0m
[0.552s] [ 50%] Built target run_slam
[0.575s] [ 75%] [32mBuilding CXX object src/CMakeFiles/run_localization.dir/run_localization.cc.o[0m
[4.950s] src/CMakeFiles/run_localization.dir/build.make:62: recipe for target 'src/CMakeFiles/run_localization.dir/run_localization.cc.o' failed
[4.950s] CMakeFiles/Makefile2:156: recipe for target 'src/CMakeFiles/run_localization.dir/all' failed
[4.950s] Makefile:140: recipe for target 'all' failed
