[0.044s] -- Root directory of OpenVSLAM: /home/mirellameelo/openvslam
[0.044s] -- Source directory of OpenVSLAM: /home/mirellameelo/openvslam/src
[0.044s] -- Library directory of OpenVSLAM: /home/mirellameelo/openvslam/build/lib
[0.044s] -- Build type: Release
[0.044s] -- Address/Memory sanitizer: DISABLED
[0.044s] -- Stack trace logger: DISABLED
[0.044s] -- Google Perftools: DISABLED
[0.045s] -- Architecture-aware optimization (-march=native): DISABLED
[0.045s] -- C++11 support: OK (-std=c++17)
[0.045s] -- Found ament_cmake: 0.7.4 (/opt/ros/dashing/share/ament_cmake/cmake)
[0.078s] -- Using PYTHON_EXECUTABLE: /usr/bin/python3
[0.268s] -- Override CMake install command with custom implementation using symlinks instead of copying resources
[0.273s] -- Found rclcpp: 0.7.13 (/opt/ros/dashing/share/rclcpp/cmake)
[0.284s] -- Found rosidl_adapter: 0.7.9 (/opt/ros/dashing/share/rosidl_adapter/cmake)
[0.307s] -- Found rmw_implementation_cmake: 0.7.2 (/opt/ros/dashing/share/rmw_implementation_cmake/cmake)
[0.308s] -- Using RMW implementation 'rmw_fastrtps_cpp' as default
[0.328s] -- Found cv_bridge: 2.1.3 (/home/mirellameelo/ws/vision_opencv/install/cv_bridge/share/cv_bridge/cmake)
[0.335s] -- Found image_transport: 2.1.1 (/home/mirellameelo/ws/image_common-dashing/install/image_transport/share/image_transport/cmake)
[0.366s] -- Found tinyxml2_vendor:  (/opt/ros/dashing/share/tinyxml2_vendor/cmake)
[0.375s] -- Found poco_vendor:  (/opt/ros/dashing/share/poco_vendor/cmake)
[0.380s] -- Found nav_msgs: 0.7.0 (/opt/ros/dashing/share/nav_msgs/cmake)
[0.391s] -- Use OpenCV 3.4.0
[0.394s] -- BoW framework: DBoW2 (found in /usr/local/include)
[0.394s] -- Viewer for examples: pangolin viewer
[0.505s] -- Configuring done
[0.548s] -- Generating done
[0.549s] -- Build files have been written to: /home/mirellameelo/openvslam/ros2/build/openvslam
[0.594s] [ 25%] [32m[1mLinking CXX executable run_localization[0m
[0.595s] [ 50%] [32m[1mLinking CXX executable run_slam[0m
[1.182s] [ 75%] Built target run_slam
[1.183s] [100%] Built target run_localization
[1.271s] [ 50%] Built target run_localization
[1.272s] [100%] Built target run_slam
[1.288s] [36mInstall the project...[0m
[1.296s] -- Install configuration: "Release"
[1.297s] -- Execute custom install script
[1.297s] -- Up-to-date symlink: /home/mirellameelo/openvslam/ros2/install/openvslam/lib/openvslam/run_slam
[1.298s] -- Up-to-date symlink: /home/mirellameelo/openvslam/ros2/install/openvslam/lib/openvslam/run_localization
[1.298s] -- Up-to-date symlink: /home/mirellameelo/openvslam/ros2/install/openvslam/lib/openvslam/run_slam
[1.298s] -- Up-to-date symlink: /home/mirellameelo/openvslam/ros2/install/openvslam/lib/openvslam/run_localization
[1.299s] -- Up-to-date symlink: /home/mirellameelo/openvslam/ros2/install/openvslam/share/ament_index/resource_index/package_run_dependencies/openvslam
[1.299s] -- Up-to-date symlink: /home/mirellameelo/openvslam/ros2/install/openvslam/share/ament_index/resource_index/parent_prefix_path/openvslam
[1.299s] -- Up-to-date symlink: /home/mirellameelo/openvslam/ros2/install/openvslam/share/openvslam/environment/ament_prefix_path.sh
[1.299s] -- Up-to-date symlink: /home/mirellameelo/openvslam/ros2/install/openvslam/share/openvslam/environment/path.sh
[1.300s] -- Up-to-date symlink: /home/mirellameelo/openvslam/ros2/install/openvslam/share/openvslam/local_setup.bash
[1.300s] -- Up-to-date symlink: /home/mirellameelo/openvslam/ros2/install/openvslam/share/openvslam/local_setup.sh
[1.300s] -- Up-to-date symlink: /home/mirellameelo/openvslam/ros2/install/openvslam/share/openvslam/local_setup.zsh
[1.300s] -- Up-to-date symlink: /home/mirellameelo/openvslam/ros2/install/openvslam/share/ament_index/resource_index/packages/openvslam
[1.301s] -- Up-to-date symlink: /home/mirellameelo/openvslam/ros2/install/openvslam/share/openvslam/cmake/openvslamConfig.cmake
[1.301s] -- Up-to-date symlink: /home/mirellameelo/openvslam/ros2/install/openvslam/share/openvslam/cmake/openvslamConfig-version.cmake
[1.301s] -- Up-to-date symlink: /home/mirellameelo/openvslam/ros2/install/openvslam/share/openvslam/package.xml
