[3.011s] [01m[K/home/mirellameelo/openvslam/ros2/src/openvslam/src/run_localization.cc:[m[K In function ‘[01m[Kvoid mono_localization(const std::shared_ptr<openvslam::config>&, const string&, const string&, const string&, bool)[m[K’:
[3.011s] [01m[K/home/mirellameelo/openvslam/ros2/src/openvslam/src/run_localization.cc:106:100:[m[K [01;31m[Kerror: [m[K‘[01m[Kmsg[m[K’ was not declared in this scope
[3.011s]              Eigen::Matrix<double, 4, 4> cam_pose_ = SLAM.feed_monocular_frame(cv_bridge::toCvShare([01;31m[Kmsg[m[K, "bgr8")->image, timestamp, mask);
[3.011s]                                                                                                     [01;31m[K^~~[m[K
[3.011s] [01m[K/home/mirellameelo/openvslam/ros2/src/openvslam/src/run_localization.cc:106:100:[m[K [01;36m[Knote: [m[Ksuggested alternatives:
[3.012s] In file included from [01m[K/opt/ros/dashing/include/rcl_interfaces/msg/intra_process_message.hpp:7:0[m[K,
[3.012s]                  from [01m[K/opt/ros/dashing/include/rclcpp/publisher.hpp:31[m[K,
[3.012s]                  from [01m[K/opt/ros/dashing/include/rclcpp/callback_group.hpp:24[m[K,
[3.012s]                  from [01m[K/opt/ros/dashing/include/rclcpp/any_executable.hpp:20[m[K,
[3.012s]                  from [01m[K/opt/ros/dashing/include/rclcpp/memory_strategy.hpp:24[m[K,
[3.012s]                  from [01m[K/opt/ros/dashing/include/rclcpp/memory_strategies.hpp:18[m[K,
[3.012s]                  from [01m[K/opt/ros/dashing/include/rclcpp/executor.hpp:33[m[K,
[3.012s]                  from [01m[K/opt/ros/dashing/include/rclcpp/executors/multi_threaded_executor.hpp:24[m[K,
[3.012s]                  from [01m[K/opt/ros/dashing/include/rclcpp/executors.hpp:21[m[K,
[3.012s]                  from [01m[K/opt/ros/dashing/include/rclcpp/rclcpp.hpp:144[m[K,
[3.012s]                  from [01m[K/home/mirellameelo/openvslam/ros2/src/openvslam/src/run_localization.cc:14[m[K:
[3.012s] [01m[K/opt/ros/dashing/include/rcl_interfaces/msg/intra_process_message__struct.hpp:36:11:[m[K [01;36m[Knote: [m[K  ‘[01m[Krcl_interfaces::msg[m[K’
[3.013s]  namespace [01;36m[Kmsg[m[K
[3.013s]            [01;36m[K^~~[m[K
[3.013s] In file included from [01m[K/opt/ros/dashing/include/builtin_interfaces/msg/time.hpp:7:0[m[K,
[3.013s]                  from [01m[K/opt/ros/dashing/include/rclcpp/time.hpp:18[m[K,
[3.013s]                  from [01m[K/opt/ros/dashing/include/rclcpp/clock.hpp:21[m[K,
[3.013s]                  from [01m[K/opt/ros/dashing/include/rclcpp/timer.hpp:26[m[K,
[3.013s]                  from [01m[K/opt/ros/dashing/include/rclcpp/callback_group.hpp:27[m[K,
[3.013s]                  from [01m[K/opt/ros/dashing/include/rclcpp/any_executable.hpp:20[m[K,
[3.013s]                  from [01m[K/opt/ros/dashing/include/rclcpp/memory_strategy.hpp:24[m[K,
[3.013s]                  from [01m[K/opt/ros/dashing/include/rclcpp/memory_strategies.hpp:18[m[K,
[3.013s]                  from [01m[K/opt/ros/dashing/include/rclcpp/executor.hpp:33[m[K,
[3.013s]                  from [01m[K/opt/ros/dashing/include/rclcpp/executors/multi_threaded_executor.hpp:24[m[K,
[3.013s]                  from [01m[K/opt/ros/dashing/include/rclcpp/executors.hpp:21[m[K,
[3.013s]                  from [01m[K/opt/ros/dashing/include/rclcpp/rclcpp.hpp:144[m[K,
[3.013s]                  from [01m[K/home/mirellameelo/openvslam/ros2/src/openvslam/src/run_localization.cc:14[m[K:
[3.014s] [01m[K/opt/ros/dashing/include/builtin_interfaces/msg/time__struct.hpp:36:11:[m[K [01;36m[Knote: [m[K  ‘[01m[Kbuiltin_interfaces::msg[m[K’
[3.014s]  namespace [01;36m[Kmsg[m[K
[3.014s]            [01;36m[K^~~[m[K
[3.014s] In file included from [01m[K/opt/ros/dashing/include/nav_msgs/msg/odometry__struct.hpp:29:0[m[K,
[3.014s]                  from [01m[K/opt/ros/dashing/include/nav_msgs/msg/odometry.hpp:7[m[K,
[3.014s]                  from [01m[K/home/mirellameelo/openvslam/ros2/src/openvslam/src/run_localization.cc:16[m[K:
[3.014s] [01m[K/opt/ros/dashing/include/std_msgs/msg/header__struct.hpp:40:11:[m[K [01;36m[Knote: [m[K  ‘[01m[Kstd_msgs::msg[m[K’
[3.014s]  namespace [01;36m[Kmsg[m[K
[3.014s]            [01;36m[K^~~[m[K
[3.014s] In file included from [01m[K/opt/ros/dashing/include/geometry_msgs/msg/pose__struct.hpp:29:0[m[K,
[3.014s]                  from [01m[K/opt/ros/dashing/include/geometry_msgs/msg/pose_with_covariance__struct.hpp:29[m[K,
[3.014s]                  from [01m[K/opt/ros/dashing/include/nav_msgs/msg/odometry__struct.hpp:31[m[K,
[3.014s]                  from [01m[K/opt/ros/dashing/include/nav_msgs/msg/odometry.hpp:7[m[K,
[3.014s]                  from [01m[K/home/mirellameelo/openvslam/ros2/src/openvslam/src/run_localization.cc:16[m[K:
[3.014s] [01m[K/opt/ros/dashing/include/geometry_msgs/msg/point__struct.hpp:36:11:[m[K [01;36m[Knote: [m[K  ‘[01m[Kgeometry_msgs::msg[m[K’
[3.014s]  namespace [01;36m[Kmsg[m[K
[3.014s]            [01;36m[K^~~[m[K
[3.015s] In file included from [01m[K/opt/ros/dashing/include/nav_msgs/msg/odometry.hpp:7:0[m[K,
[3.015s]                  from [01m[K/home/mirellameelo/openvslam/ros2/src/openvslam/src/run_localization.cc:16[m[K:
[3.015s] [01m[K/opt/ros/dashing/include/nav_msgs/msg/odometry__struct.hpp:44:11:[m[K [01;36m[Knote: [m[K  ‘[01m[Knav_msgs::msg[m[K’
[3.015s]  namespace [01;36m[Kmsg[m[K
[3.015s]            [01;36m[K^~~[m[K
[3.015s] In file included from [01m[K/opt/ros/dashing/include/tf2_msgs/msg/tf_message.hpp:7:0[m[K,
[3.015s]                  from [01m[K/opt/ros/dashing/include/tf2_ros/transform_listener.h:38[m[K,
[3.015s]                  from [01m[K/home/mirellameelo/openvslam/ros2/src/openvslam/src/run_localization.cc:19[m[K:
[3.015s] [01m[K/opt/ros/dashing/include/tf2_msgs/msg/tf_message__struct.hpp:40:11:[m[K [01;36m[Knote: [m[K  ‘[01m[Ktf2_msgs::msg[m[K’
[3.015s]  namespace [01;36m[Kmsg[m[K
[3.015s]            [01;36m[K^~~[m[K
[3.016s] In file included from [01m[K/opt/ros/dashing/include/sensor_msgs/msg/image.hpp:7:0[m[K,
[3.016s]                  from [01m[K/opt/ros/dashing/include/image_transport/camera_publisher.h:41[m[K,
[3.016s]                  from [01m[K/opt/ros/dashing/include/image_transport/image_transport.h:45[m[K,
[3.016s]                  from [01m[K/home/mirellameelo/openvslam/ros2/src/openvslam/src/run_localization.cc:21[m[K:
[3.016s] [01m[K/opt/ros/dashing/include/sensor_msgs/msg/image__struct.hpp:40:11:[m[K [01;36m[Knote: [m[K  ‘[01m[Ksensor_msgs::msg[m[K’
[3.016s]  namespace [01;36m[Kmsg[m[K
[3.016s]            [01;36m[K^~~[m[K
[3.016s] [01m[K/home/mirellameelo/openvslam/ros2/src/openvslam/src/run_localization.cc:106:121:[m[K [01;31m[Kerror: [m[K‘[01m[Ktimestamp[m[K’ was not declared in this scope
[3.016s]              Eigen::Matrix<double, 4, 4> cam_pose_ = SLAM.feed_monocular_frame(cv_bridge::toCvShare(msg, "bgr8")->image, [01;31m[Ktimestamp[m[K, mask);
[3.016s]                                                                                                                          [01;31m[K^~~~~~~~~[m[K
[3.016s] [01m[K/home/mirellameelo/openvslam/ros2/src/openvslam/src/run_localization.cc:106:121:[m[K [01;36m[Knote: [m[Ksuggested alternative: ‘[01m[Kmkstemp[m[K’
[3.016s]              Eigen::Matrix<double, 4, 4> cam_pose_ = SLAM.feed_monocular_frame(cv_bridge::toCvShare(msg, "bgr8")->image, [01;36m[Ktimestamp[m[K, mask);
[3.017s]                                                                                                                          [01;36m[K^~~~~~~~~[m[K
[3.017s]                                                                                                                          [32m[Kmkstemp[m[K
[4.723s] make[2]: *** [src/CMakeFiles/run_localization.dir/run_localization.cc.o] Error 1
[4.724s] make[1]: *** [src/CMakeFiles/run_localization.dir/all] Error 2
[4.724s] make: *** [all] Error 2
