[0.045s] -- Root directory of OpenVSLAM: /home/mirellameelo/openvslam
[0.045s] -- Source directory of OpenVSLAM: /home/mirellameelo/openvslam/src
[0.045s] -- Library directory of OpenVSLAM: /home/mirellameelo/openvslam/build/lib
[0.045s] -- Build type: Release
[0.045s] -- Address/Memory sanitizer: DISABLED
[0.045s] -- Stack trace logger: DISABLED
[0.045s] -- Google Perftools: DISABLED
[0.046s] -- Architecture-aware optimization (-march=native): DISABLED
[0.046s] -- C++11 support: OK (-std=c++17)
[0.046s] -- Found ament_cmake: 0.7.4 (/opt/ros/dashing/share/ament_cmake/cmake)
[0.088s] -- Using PYTHON_EXECUTABLE: /usr/bin/python3
[0.295s] -- Override CMake install command with custom implementation using symlinks instead of copying resources
[0.301s] -- Found rclcpp: 0.7.13 (/opt/ros/dashing/share/rclcpp/cmake)
[0.312s] -- Found rosidl_adapter: 0.7.9 (/opt/ros/dashing/share/rosidl_adapter/cmake)
[0.338s] -- Found rmw_implementation_cmake: 0.7.2 (/opt/ros/dashing/share/rmw_implementation_cmake/cmake)
[0.339s] -- Using RMW implementation 'rmw_fastrtps_cpp' as default
[0.359s] -- Found cv_bridge: 2.1.3 (/home/mirellameelo/ws/vision_opencv/install/cv_bridge/share/cv_bridge/cmake)
[0.365s] -- Found image_transport: 2.1.1 (/home/mirellameelo/ws/image_common-dashing/install/image_transport/share/image_transport/cmake)
[0.397s] -- Found tinyxml2_vendor:  (/opt/ros/dashing/share/tinyxml2_vendor/cmake)
[0.406s] -- Found poco_vendor:  (/opt/ros/dashing/share/poco_vendor/cmake)
[0.415s] -- Use OpenCV 3.4.0
[0.417s] -- BoW framework: DBoW2 (found in /usr/local/include)
[0.418s] -- Viewer for examples: pangolin viewer
[0.506s] -- Configuring done
[0.548s] -- Generating done
[0.550s] -- Build files have been written to: /home/mirellameelo/openvslam/ros2/build/openvslam
[0.575s] [35m[1mScanning dependencies of target run_localization[0m
[0.600s] [ 25%] [32m[1mLinking CXX executable run_slam[0m
[0.628s] [ 50%] [32mBuilding CXX object src/CMakeFiles/run_localization.dir/run_localization.cc.o[0m
[1.121s] src/CMakeFiles/run_slam.dir/build.make:374: recipe for target 'src/run_slam' failed
[1.121s] CMakeFiles/Makefile2:119: recipe for target 'src/CMakeFiles/run_slam.dir/all' failed
[8.740s] [ 75%] [32m[1mLinking CXX executable run_localization[0m
[9.166s] src/CMakeFiles/run_localization.dir/build.make:374: recipe for target 'src/run_localization' failed
[9.167s] CMakeFiles/Makefile2:156: recipe for target 'src/CMakeFiles/run_localization.dir/all' failed
[9.167s] Makefile:140: recipe for target 'all' failed
