[0.062s] [35m[1mScanning dependencies of target run_localization[0m
[0.086s] [ 50%] Built target run_slam
[0.111s] [ 75%] [32mBuilding CXX object src/CMakeFiles/run_localization.dir/run_localization.cc.o[0m
[3.027s] [01m[K/home/mirellameelo/openvslam/ros2/src/openvslam/src/run_localization.cc:[m[K In lambda function:
[3.028s] [01m[K/home/mirellameelo/openvslam/ros2/src/openvslam/src/run_localization.cc:91:41:[m[K [01;35m[Kwarning: [m[Kvariable ‘[01m[Kcam_pose_[m[K’ set but not used [[01;35m[K-Wunused-but-set-variable[m[K]
[3.028s]              Eigen::Matrix<double, 4, 4> [01;35m[Kcam_pose_[m[K = SLAM.feed_monocular_frame(cv_bridge::toCvShare(msg, "bgr8")->image, timestamp, mask);
[3.028s]                                          [01;35m[K^~~~~~~~~[m[K
[3.031s] [01m[K/home/mirellameelo/openvslam/ros2/src/openvslam/src/run_localization.cc:[m[K In function ‘[01m[Kvoid mono_localization(const std::shared_ptr<openvslam::config>&, const string&, const string&, const string&, bool)[m[K’:
[3.031s] [01m[K/home/mirellameelo/openvslam/ros2/src/openvslam/src/run_localization.cc:105:40:[m[K [01;31m[Kerror: [m[Kinvalid use of incomplete type ‘[01m[Kusing element_type = class openvslam::publish::map_publisher {aka class openvslam::publish::map_publisher}[m[K’
[3.031s]          auto cam_pose_ = map_publisher_[01;31m[K->[m[Kget_current_cam_pose();
[3.031s]                                         [01;31m[K^~[m[K
[3.031s] In file included from [01m[K/home/mirellameelo/openvslam/ros2/src/openvslam/src/run_localization.cc:2:0[m[K:
[3.031s] [01m[K/home/mirellameelo/openvslam/src/pangolin_viewer/viewer.h:20:7:[m[K [01;36m[Knote: [m[Kforward declaration of ‘[01m[Kusing element_type = class openvslam::publish::map_publisher {aka class openvslam::publish::map_publisher}[m[K’
[3.032s]  class [01;36m[Kmap_publisher[m[K;
[3.032s]        [01;36m[K^~~~~~~~~~~~~[m[K
[3.032s] [01m[K/home/mirellameelo/openvslam/ros2/src/openvslam/src/run_localization.cc:109:39:[m[K [01;31m[Kerror: [m[Kinvalid use of incomplete type ‘[01m[Kusing element_type = class openvslam::publish::map_publisher {aka class openvslam::publish::map_publisher}[m[K’
[3.032s]              cam_pose_ = map_publisher_[01;31m[K->[m[Kget_current_cam_pose();
[3.032s]                                        [01;31m[K^~[m[K
[3.032s] In file included from [01m[K/home/mirellameelo/openvslam/ros2/src/openvslam/src/run_localization.cc:2:0[m[K:
[3.032s] [01m[K/home/mirellameelo/openvslam/src/pangolin_viewer/viewer.h:20:7:[m[K [01;36m[Knote: [m[Kforward declaration of ‘[01m[Kusing element_type = class openvslam::publish::map_publisher {aka class openvslam::publish::map_publisher}[m[K’
[3.032s]  class [01;36m[Kmap_publisher[m[K;
[3.033s]        [01;36m[K^~~~~~~~~~~~~[m[K
[4.764s] make[2]: *** [src/CMakeFiles/run_localization.dir/run_localization.cc.o] Error 1
[4.765s] make[1]: *** [src/CMakeFiles/run_localization.dir/all] Error 2
[4.765s] src/CMakeFiles/run_localization.dir/build.make:62: recipe for target 'src/CMakeFiles/run_localization.dir/run_localization.cc.o' failed
[4.765s] make: *** [all] Error 2
[4.765s] CMakeFiles/Makefile2:156: recipe for target 'src/CMakeFiles/run_localization.dir/all' failed
[4.765s] Makefile:140: recipe for target 'all' failed
