[0.062s] [35m[1mScanning dependencies of target run_localization[0m
[0.096s] [ 50%] Built target run_slam
[0.116s] [ 75%] [32mBuilding CXX object src/CMakeFiles/run_localization.dir/run_localization.cc.o[0m
[3.000s] [01m[K/home/mirellameelo/openvslam/ros2/src/openvslam/src/run_localization.cc:[m[K In function ‘[01m[Kvoid mono_localization(const std::shared_ptr<openvslam::config>&, const string&, const string&, const string&, bool)[m[K’:
[3.001s] [01m[K/home/mirellameelo/openvslam/ros2/src/openvslam/src/run_localization.cc:105:40:[m[K [01;31m[Kerror: [m[Kinvalid use of incomplete type ‘[01m[Kusing element_type = class openvslam::publish::map_publisher {aka class openvslam::publish::map_publisher}[m[K’
[3.001s]          auto cam_pose_ = map_publisher_[01;31m[K->[m[Kget_current_cam_pose();
[3.001s]                                         [01;31m[K^~[m[K
[3.001s] In file included from [01m[K/home/mirellameelo/openvslam/ros2/src/openvslam/src/run_localization.cc:2:0[m[K:
[3.001s] [01m[K/home/mirellameelo/openvslam/src/pangolin_viewer/viewer.h:20:7:[m[K [01;36m[Knote: [m[Kforward declaration of ‘[01m[Kusing element_type = class openvslam::publish::map_publisher {aka class openvslam::publish::map_publisher}[m[K’
[3.001s]  class [01;36m[Kmap_publisher[m[K;
[3.001s]        [01;36m[K^~~~~~~~~~~~~[m[K
[3.001s] [01m[K/home/mirellameelo/openvslam/ros2/src/openvslam/src/run_localization.cc:109:39:[m[K [01;31m[Kerror: [m[Kinvalid use of incomplete type ‘[01m[Kusing element_type = class openvslam::publish::map_publisher {aka class openvslam::publish::map_publisher}[m[K’
[3.001s]              cam_pose_ = map_publisher_[01;31m[K->[m[Kget_current_cam_pose();
[3.002s]                                        [01;31m[K^~[m[K
[3.002s] In file included from [01m[K/home/mirellameelo/openvslam/ros2/src/openvslam/src/run_localization.cc:2:0[m[K:
[3.002s] [01m[K/home/mirellameelo/openvslam/src/pangolin_viewer/viewer.h:20:7:[m[K [01;36m[Knote: [m[Kforward declaration of ‘[01m[Kusing element_type = class openvslam::publish::map_publisher {aka class openvslam::publish::map_publisher}[m[K’
[3.002s]  class [01;36m[Kmap_publisher[m[K;
[3.002s]        [01;36m[K^~~~~~~~~~~~~[m[K
[4.703s] src/CMakeFiles/run_localization.dir/build.make:62: recipe for target 'src/CMakeFiles/run_localization.dir/run_localization.cc.o' failed
[4.703s] make[2]: *** [src/CMakeFiles/run_localization.dir/run_localization.cc.o] Error 1
[4.704s] make[1]: *** [src/CMakeFiles/run_localization.dir/all] Error 2
[4.704s] CMakeFiles/Makefile2:156: recipe for target 'src/CMakeFiles/run_localization.dir/all' failed
[4.704s] Makefile:140: recipe for target 'all' failed
[4.704s] make: *** [all] Error 2
