[0.059s] [35m[1mScanning dependencies of target run_localization[0m
[0.083s] [ 50%] Built target run_slam
[0.102s] [ 75%] [32mBuilding CXX object src/CMakeFiles/run_localization.dir/run_localization.cc.o[0m
[2.962s] /home/mirellameelo/openvslam/ros2/src/openvslam/src/run_localization.cc: In instantiation of ‘[01m[Kauto publi(auto:5, auto:6) [with auto:5 = Eigen::Matrix<double, 4, 4>; auto:6 = std::shared_ptr<rclcpp::Publisher<nav_msgs::msg::Odometry_<std::allocator<void> >, std::allocator<void> > >][m[K’:
[2.963s] [01m[K/home/mirellameelo/openvslam/ros2/src/openvslam/src/run_localization.cc:120:37:[m[K   required from here
[2.963s] [01m[K/home/mirellameelo/openvslam/ros2/src/openvslam/src/run_localization.cc:42:33:[m[K [01;35m[Kwarning: [m[Kunused parameter ‘[01m[Kodometry_pub_[m[K’ [[01;35m[K-Wunused-parameter[m[K]
[2.963s]  auto publi(auto cam_pose_, auto [01;35m[Kodometry_pub_[m[K){
[2.963s]                                  [01;35m[K^~~~~~~~~~~~~[m[K
[8.410s] [100%] [32m[1mLinking CXX executable run_localization[0m
[8.920s] [100%] Built target run_localization
[9.007s] [100%] Built target run_slam
[9.007s] [100%] Built target run_localization
[9.021s] [36mInstall the project...[0m
[9.028s] -- Install configuration: "Release"
[9.028s] -- Execute custom install script
[9.029s] -- Up-to-date symlink: /home/mirellameelo/openvslam/ros2/install/openvslam/lib/openvslam/run_slam
[9.029s] -- Up-to-date symlink: /home/mirellameelo/openvslam/ros2/install/openvslam/lib/openvslam/run_localization
[9.029s] -- Up-to-date symlink: /home/mirellameelo/openvslam/ros2/install/openvslam/lib/openvslam/run_slam
[9.030s] -- Up-to-date symlink: /home/mirellameelo/openvslam/ros2/install/openvslam/lib/openvslam/run_localization
[9.030s] -- Up-to-date symlink: /home/mirellameelo/openvslam/ros2/install/openvslam/share/ament_index/resource_index/package_run_dependencies/openvslam
[9.030s] -- Up-to-date symlink: /home/mirellameelo/openvslam/ros2/install/openvslam/share/ament_index/resource_index/parent_prefix_path/openvslam
[9.030s] -- Up-to-date symlink: /home/mirellameelo/openvslam/ros2/install/openvslam/share/openvslam/environment/ament_prefix_path.sh
[9.031s] -- Up-to-date symlink: /home/mirellameelo/openvslam/ros2/install/openvslam/share/openvslam/environment/path.sh
[9.031s] -- Up-to-date symlink: /home/mirellameelo/openvslam/ros2/install/openvslam/share/openvslam/local_setup.bash
[9.031s] -- Up-to-date symlink: /home/mirellameelo/openvslam/ros2/install/openvslam/share/openvslam/local_setup.sh
[9.032s] -- Up-to-date symlink: /home/mirellameelo/openvslam/ros2/install/openvslam/share/openvslam/local_setup.zsh
[9.032s] -- Up-to-date symlink: /home/mirellameelo/openvslam/ros2/install/openvslam/share/ament_index/resource_index/packages/openvslam
[9.032s] -- Up-to-date symlink: /home/mirellameelo/openvslam/ros2/install/openvslam/share/openvslam/cmake/openvslamConfig.cmake
[9.033s] -- Up-to-date symlink: /home/mirellameelo/openvslam/ros2/install/openvslam/share/openvslam/cmake/openvslamConfig-version.cmake
[9.033s] -- Up-to-date symlink: /home/mirellameelo/openvslam/ros2/install/openvslam/share/openvslam/package.xml
