[0.100s] [35m[1mScanning dependencies of target run_localization[0m
[0.126s] [ 50%] Built target run_slam
[0.146s] [ 75%] [32mBuilding CXX object src/CMakeFiles/run_localization.dir/run_localization.cc.o[0m
[3.131s] [01m[K/home/mirellameelo/openvslam/ros2/src/openvslam/src/run_localization.cc:[m[K In lambda function:
[3.132s] [01m[K/home/mirellameelo/openvslam/ros2/src/openvslam/src/run_localization.cc:89:13:[m[K [01;31m[Kerror: [m[K‘[01m[KMat44_t[m[K’ was not declared in this scope
[3.132s]              [01;31m[KMat44_t[m[K pose = SLAM.feed_monocular_frame(cv_bridge::toCvShare(msg, "bgr8")->image, timestamp, mask);
[3.132s]              [01;31m[K^~~~~~~[m[K
[3.132s] [01m[K/home/mirellameelo/openvslam/ros2/src/openvslam/src/run_localization.cc:89:13:[m[K [01;36m[Knote: [m[Ksuggested alternative:
[3.132s] In file included from [01m[K/home/mirellameelo/openvslam/src/pangolin_viewer/viewer.h:6:0[m[K,
[3.133s]                  from [01m[K/home/mirellameelo/openvslam/ros2/src/openvslam/src/run_localization.cc:2[m[K:
[3.133s] [01m[K/home/mirellameelo/openvslam/src/openvslam/type.h:29:32:[m[K [01;36m[Knote: [m[K  ‘[01m[Kopenvslam::Mat44_t[m[K’
[3.133s]  using Mat44_t = Eigen::Matrix4d[01;36m[K;[m[K
[3.133s]                                 [01;36m[K^[m[K
[3.133s] [01m[K/home/mirellameelo/openvslam/ros2/src/openvslam/src/run_localization.cc:86:24:[m[K [01;35m[Kwarning: [m[Kunused variable ‘[01m[Ktimestamp[m[K’ [[01;35m[K-Wunused-variable[m[K]
[3.133s]              const auto [01;35m[Ktimestamp[m[K = std::chrono::duration_cast<std::chrono::duration<double>>(tp_1 - tp_0).count();
[3.133s]                         [01;35m[K^~~~~~~~~[m[K
[3.133s] [01m[K/home/mirellameelo/openvslam/ros2/src/openvslam/src/run_localization.cc:84:92:[m[K [01;35m[Kwarning: [m[Kunused parameter ‘[01m[Kmsg[m[K’ [[01;35m[K-Wunused-parameter[m[K]
[3.133s]          node.get(), "camera/image_raw", [&](const sensor_msgs::msg::Image::ConstSharedPtr& [01;35m[Kmsg[m[K) {
[3.133s]                                                                                             [01;35m[K^~~[m[K
[4.929s] make[2]: *** [src/CMakeFiles/run_localization.dir/run_localization.cc.o] Error 1
[4.929s] src/CMakeFiles/run_localization.dir/build.make:62: recipe for target 'src/CMakeFiles/run_localization.dir/run_localization.cc.o' failed
[4.930s] CMakeFiles/Makefile2:156: recipe for target 'src/CMakeFiles/run_localization.dir/all' failed
[4.930s] make[1]: *** [src/CMakeFiles/run_localization.dir/all] Error 2
[4.930s] make: *** [all] Error 2
[4.930s] Makefile:140: recipe for target 'all' failed
