[0.010s] Invoking command in '/home/mirellameelo/ws/image_common-dashing/build/image_transport': CMAKE_PREFIX_PATH=/opt/ros/dashing /usr/bin/cmake /home/mirellameelo/ws/image_common-dashing/image_transport -DAMENT_CMAKE_SYMLINK_INSTALL=1 -DCMAKE_INSTALL_PREFIX=/home/mirellameelo/ws/image_common-dashing/install/image_transport
[0.084s] -- The C compiler identification is GNU 7.4.0
[0.133s] -- The CXX compiler identification is GNU 7.4.0
[0.136s] -- Check for working C compiler: /usr/bin/cc
[0.192s] -- Check for working C compiler: /usr/bin/cc -- works
[0.193s] -- Detecting C compiler ABI info
[0.250s] -- Detecting C compiler ABI info - done
[0.255s] -- Detecting C compile features
[0.429s] -- Detecting C compile features - done
[0.430s] -- Check for working CXX compiler: /usr/bin/c++
[0.498s] -- Check for working CXX compiler: /usr/bin/c++ -- works
[0.499s] -- Detecting CXX compiler ABI info
[0.568s] -- Detecting CXX compiler ABI info - done
[0.573s] -- Detecting CXX compile features
[0.857s] -- Detecting CXX compile features - done
[0.859s] -- Found ament_cmake_ros: 0.7.0 (/opt/ros/dashing/share/ament_cmake_ros/cmake)
[0.884s] -- Found PythonInterp: /usr/bin/python3 (found suitable version "3.6.9", minimum required is "3") 
[0.884s] -- Using PYTHON_EXECUTABLE: /usr/bin/python3
[1.054s] -- Override CMake install command with custom implementation using symlinks instead of copying resources
[1.070s] -- Found message_filters: 3.1.3 (/opt/ros/dashing/share/message_filters/cmake)
[1.073s] -- Found pluginlib: 2.3.3 (/opt/ros/dashing/share/pluginlib/cmake)
[1.074s] -- Found tinyxml2_vendor:  (/opt/ros/dashing/share/tinyxml2_vendor/cmake)
[1.086s] -- Found TinyXML2: /usr/lib/x86_64-linux-gnu/libtinyxml2.so  
[1.091s] -- Found poco_vendor:  (/opt/ros/dashing/share/poco_vendor/cmake)
[1.101s] -- Found rclcpp: 0.7.12 (/opt/ros/dashing/share/rclcpp/cmake)
[1.118s] -- Found rosidl_adapter: 0.7.8 (/opt/ros/dashing/share/rosidl_adapter/cmake)
[1.153s] -- Found rmw_implementation_cmake: 0.7.2 (/opt/ros/dashing/share/rmw_implementation_cmake/cmake)
[1.154s] -- Using RMW implementation 'rmw_fastrtps_cpp' as default
[1.155s] -- Looking for pthread.h
[1.214s] -- Looking for pthread.h - found
[1.214s] -- Looking for pthread_create
[1.276s] -- Looking for pthread_create - not found
[1.276s] -- Looking for pthread_create in pthreads
[1.326s] -- Looking for pthread_create in pthreads - not found
[1.327s] -- Looking for pthread_create in pthread
[1.383s] -- Looking for pthread_create in pthread - found
[1.384s] -- Found Threads: TRUE  
[1.408s] -- Found sensor_msgs: 0.7.0 (/opt/ros/dashing/share/sensor_msgs/cmake)
[1.452s] -- Found ament_cmake_gtest: 0.7.4 (/opt/ros/dashing/share/ament_cmake_gtest/cmake)
[1.454s] -- Found gtest sources under '/opt/ros/dashing/src/gtest_vendor': C++ tests using 'Google Test' will be built
[1.456s] -- Check if compiler accepts -pthread
[1.518s] -- Check if compiler accepts -pthread - yes
[1.589s] -- Configuring done
[1.681s] -- Generating done
[1.684s] -- Build files have been written to: /home/mirellameelo/ws/image_common-dashing/build/image_transport
[1.689s] Invoked command in '/home/mirellameelo/ws/image_common-dashing/build/image_transport' returned '0': CMAKE_PREFIX_PATH=/opt/ros/dashing /usr/bin/cmake /home/mirellameelo/ws/image_common-dashing/image_transport -DAMENT_CMAKE_SYMLINK_INSTALL=1 -DCMAKE_INSTALL_PREFIX=/home/mirellameelo/ws/image_common-dashing/install/image_transport
[1.690s] Invoking command in '/home/mirellameelo/ws/image_common-dashing/build/image_transport': CMAKE_PREFIX_PATH=/opt/ros/dashing /usr/bin/cmake --build /home/mirellameelo/ws/image_common-dashing/build/image_transport -- -j12 -l12
[1.739s] [35m[1mScanning dependencies of target gtest[0m
[1.743s] [35m[1mScanning dependencies of target gtest_main[0m
[1.752s] [35m[1mScanning dependencies of target image_transport[0m
[1.766s] [  3%] [32mBuilding CXX object gtest/CMakeFiles/gtest.dir/src/gtest-all.cc.o[0m
[1.769s] [  6%] [32mBuilding CXX object gtest/CMakeFiles/gtest_main.dir/src/gtest_main.cc.o[0m
[1.805s] [ 10%] [32mBuilding CXX object CMakeFiles/image_transport.dir/src/camera_common.cpp.o[0m
[1.809s] [ 13%] [32mBuilding CXX object CMakeFiles/image_transport.dir/src/single_subscriber_publisher.cpp.o[0m
[1.809s] [ 16%] [32mBuilding CXX object CMakeFiles/image_transport.dir/src/publisher.cpp.o[0m
[1.810s] [ 20%] [32mBuilding CXX object CMakeFiles/image_transport.dir/src/subscriber.cpp.o[0m
[1.818s] [ 23%] [32mBuilding CXX object CMakeFiles/image_transport.dir/src/camera_publisher.cpp.o[0m
[1.820s] [ 26%] [32mBuilding CXX object CMakeFiles/image_transport.dir/src/image_transport.cpp.o[0m
[1.825s] [ 30%] [32mBuilding CXX object CMakeFiles/image_transport.dir/src/camera_subscriber.cpp.o[0m
[3.186s] [ 33%] [32m[1mLinking CXX static library libgtest_main.a[0m
[3.279s] [ 33%] Built target gtest_main
[6.837s] [ 36%] [32m[1mLinking CXX static library libgtest.a[0m
[6.907s] [ 36%] Built target gtest
[8.428s] [ 40%] [32m[1mLinking CXX shared library libimage_transport.so[0m
[8.716s] [ 40%] Built target image_transport
[8.728s] [35m[1mScanning dependencies of target list_transports[0m
[8.729s] [35m[1mScanning dependencies of target image_transport-publisher[0m
[8.729s] [35m[1mScanning dependencies of target image_transport-single_subscriber_publisher[0m
[8.732s] [35m[1mScanning dependencies of target image_transport-remapping[0m
[8.732s] [35m[1mScanning dependencies of target image_transport-camera_common[0m
[8.733s] [35m[1mScanning dependencies of target republish[0m
[8.733s] [35m[1mScanning dependencies of target image_transport-subscriber[0m
[8.733s] [35m[1mScanning dependencies of target image_transport-message_passing[0m
[8.734s] [35m[1mScanning dependencies of target image_transport_plugins[0m
[8.759s] [ 43%] [32mBuilding CXX object CMakeFiles/image_transport-camera_common.dir/test/test_camera_common.cpp.o[0m
[8.762s] [ 46%] [32mBuilding CXX object CMakeFiles/list_transports.dir/src/list_transports.cpp.o[0m
[8.771s] [ 50%] [32mBuilding CXX object CMakeFiles/image_transport-publisher.dir/test/test_publisher.cpp.o[0m
[8.774s] [ 53%] [32mBuilding CXX object CMakeFiles/image_transport-single_subscriber_publisher.dir/test/test_single_subscriber_publisher.cpp.o[0m
[8.781s] [ 56%] [32mBuilding CXX object CMakeFiles/image_transport_plugins.dir/src/manifest.cpp.o[0m
[8.788s] [ 60%] [32mBuilding CXX object CMakeFiles/republish.dir/src/republish.cpp.o[0m
[8.789s] [ 63%] [32mBuilding CXX object CMakeFiles/image_transport-message_passing.dir/test/test_message_passing.cpp.o[0m
[8.794s] [ 66%] [32mBuilding CXX object CMakeFiles/image_transport-subscriber.dir/test/test_subscriber.cpp.o[0m
[8.797s] [ 70%] [32mBuilding CXX object CMakeFiles/image_transport-remapping.dir/test/test_remapping.cpp.o[0m
[10.276s] [ 73%] [32m[1mLinking CXX executable image_transport-camera_common[0m
[10.728s] [ 73%] Built target image_transport-camera_common
[11.051s] [ 76%] [32m[1mLinking CXX executable image_transport-publisher[0m
[11.374s] [ 80%] [32m[1mLinking CXX executable image_transport-remapping[0m
[11.463s] [ 80%] Built target image_transport-publisher
[11.725s] [ 80%] Built target image_transport-remapping
[11.859s] [ 83%] [32m[1mLinking CXX executable image_transport-message_passing[0m
[11.945s] [ 86%] [32m[1mLinking CXX executable image_transport-single_subscriber_publisher[0m
[12.233s] [ 86%] Built target image_transport-message_passing
[12.274s] [ 90%] [32m[1mLinking CXX executable image_transport-subscriber[0m
[12.311s] [ 90%] Built target image_transport-single_subscriber_publisher
[12.593s] [ 90%] Built target image_transport-subscriber
[13.074s] [ 93%] [32m[1mLinking CXX shared library libimage_transport_plugins.so[0m
[13.246s] [ 93%] Built target image_transport_plugins
[13.770s] [ 96%] [32m[1mLinking CXX executable republish[0m
[14.000s] [ 96%] Built target republish
[14.338s] [100%] [32m[1mLinking CXX executable list_transports[0m
[14.517s] [100%] Built target list_transports
[14.525s] Invoked command in '/home/mirellameelo/ws/image_common-dashing/build/image_transport' returned '0': CMAKE_PREFIX_PATH=/opt/ros/dashing /usr/bin/cmake --build /home/mirellameelo/ws/image_common-dashing/build/image_transport -- -j12 -l12
[14.565s] Invoking command in '/home/mirellameelo/ws/image_common-dashing/build/image_transport': CMAKE_PREFIX_PATH=/opt/ros/dashing /usr/bin/cmake --build /home/mirellameelo/ws/image_common-dashing/build/image_transport --target install -- -j12 -l12
[14.609s] [  6%] Built target gtest_main
[14.610s] [ 13%] Built target gtest
[14.625s] [ 40%] Built target image_transport
[14.663s] [ 46%] Built target image_transport-subscriber
[14.663s] [ 53%] Built target image_transport-camera_common
[14.669s] [ 60%] Built target republish
[14.669s] [ 66%] Built target image_transport_plugins
[14.671s] [ 73%] Built target image_transport-remapping
[14.672s] [ 80%] Built target image_transport-publisher
[14.672s] [ 86%] Built target image_transport-message_passing
[14.673s] [ 93%] Built target list_transports
[14.674s] [100%] Built target image_transport-single_subscriber_publisher
[14.690s] [36mInstall the project...[0m
[14.696s] -- Install configuration: ""
[14.696s] -- Execute custom install script
[14.696s] -- Symlinking: /home/mirellameelo/ws/image_common-dashing/install/image_transport/share/image_transport//default_plugins.xml
[14.704s] -- Symlinking: /home/mirellameelo/ws/image_common-dashing/install/image_transport/lib/libimage_transport.so
[14.710s] -- Symlinking: /home/mirellameelo/ws/image_common-dashing/install/image_transport/lib/libimage_transport_plugins.so
[14.717s] -- Symlinking: /home/mirellameelo/ws/image_common-dashing/install/image_transport/lib/image_transport/list_transports
[14.723s] -- Symlinking: /home/mirellameelo/ws/image_common-dashing/install/image_transport/lib/image_transport/republish
[14.730s] -- Symlinking: /home/mirellameelo/ws/image_common-dashing/install/image_transport/include/image_transport/camera_common.h
[14.736s] -- Symlinking: /home/mirellameelo/ws/image_common-dashing/install/image_transport/include/image_transport/camera_publisher.h
[14.743s] -- Symlinking: /home/mirellameelo/ws/image_common-dashing/install/image_transport/include/image_transport/camera_subscriber.h
[14.749s] -- Symlinking: /home/mirellameelo/ws/image_common-dashing/install/image_transport/include/image_transport/exception.h
[14.756s] -- Symlinking: /home/mirellameelo/ws/image_common-dashing/install/image_transport/include/image_transport/image_transport.h
[14.763s] -- Symlinking: /home/mirellameelo/ws/image_common-dashing/install/image_transport/include/image_transport/loader_fwds.h
[14.770s] -- Symlinking: /home/mirellameelo/ws/image_common-dashing/install/image_transport/include/image_transport/publisher.h
[14.777s] -- Symlinking: /home/mirellameelo/ws/image_common-dashing/install/image_transport/include/image_transport/publisher_plugin.h
[14.783s] -- Symlinking: /home/mirellameelo/ws/image_common-dashing/install/image_transport/include/image_transport/raw_publisher.h
[14.790s] -- Symlinking: /home/mirellameelo/ws/image_common-dashing/install/image_transport/include/image_transport/raw_subscriber.h
[14.797s] -- Symlinking: /home/mirellameelo/ws/image_common-dashing/install/image_transport/include/image_transport/simple_publisher_plugin.h
[14.804s] -- Symlinking: /home/mirellameelo/ws/image_common-dashing/install/image_transport/include/image_transport/simple_subscriber_plugin.h
[14.810s] -- Symlinking: /home/mirellameelo/ws/image_common-dashing/install/image_transport/include/image_transport/single_subscriber_publisher.h
[14.817s] -- Symlinking: /home/mirellameelo/ws/image_common-dashing/install/image_transport/include/image_transport/subscriber.h
[14.824s] -- Symlinking: /home/mirellameelo/ws/image_common-dashing/install/image_transport/include/image_transport/subscriber_filter.h
[14.830s] -- Symlinking: /home/mirellameelo/ws/image_common-dashing/install/image_transport/include/image_transport/subscriber_plugin.h
[14.837s] -- Symlinking: /home/mirellameelo/ws/image_common-dashing/install/image_transport/include/image_transport/transport_hints.h
[14.844s] -- Symlinking: /home/mirellameelo/ws/image_common-dashing/install/image_transport/include/image_transport/visibility_control.hpp
[14.851s] -- Symlinking: /home/mirellameelo/ws/image_common-dashing/install/image_transport/share/image_transport/environment/library_path.sh
[14.858s] -- Symlinking: /home/mirellameelo/ws/image_common-dashing/install/image_transport/share/ament_index/resource_index/package_run_dependencies/image_transport
[14.865s] -- Symlinking: /home/mirellameelo/ws/image_common-dashing/install/image_transport/share/ament_index/resource_index/parent_prefix_path/image_transport
[14.872s] -- Symlinking: /home/mirellameelo/ws/image_common-dashing/install/image_transport/share/image_transport/environment/ament_prefix_path.sh
[14.879s] -- Symlinking: /home/mirellameelo/ws/image_common-dashing/install/image_transport/share/image_transport/environment/path.sh
[14.885s] -- Symlinking: /home/mirellameelo/ws/image_common-dashing/install/image_transport/share/image_transport/local_setup.bash
[14.892s] -- Symlinking: /home/mirellameelo/ws/image_common-dashing/install/image_transport/share/image_transport/local_setup.sh
[14.899s] -- Symlinking: /home/mirellameelo/ws/image_common-dashing/install/image_transport/share/image_transport/local_setup.zsh
[14.905s] -- Symlinking: /home/mirellameelo/ws/image_common-dashing/install/image_transport/share/ament_index/resource_index/packages/image_transport
[14.911s] -- Symlinking: /home/mirellameelo/ws/image_common-dashing/install/image_transport/share/ament_index/resource_index/image_transport__pluginlib__plugin/image_transport
[14.918s] -- Symlinking: /home/mirellameelo/ws/image_common-dashing/install/image_transport/share/image_transport/cmake/ament_cmake_export_include_directories-extras.cmake
[14.924s] -- Symlinking: /home/mirellameelo/ws/image_common-dashing/install/image_transport/share/image_transport/cmake/ament_cmake_export_libraries-extras.cmake
[14.931s] -- Symlinking: /home/mirellameelo/ws/image_common-dashing/install/image_transport/share/image_transport/cmake/ament_cmake_export_dependencies-extras.cmake
[14.937s] -- Symlinking: /home/mirellameelo/ws/image_common-dashing/install/image_transport/share/image_transport/cmake/image_transportConfig.cmake
[14.943s] -- Symlinking: /home/mirellameelo/ws/image_common-dashing/install/image_transport/share/image_transport/cmake/image_transportConfig-version.cmake
[14.950s] -- Symlinking: /home/mirellameelo/ws/image_common-dashing/install/image_transport/share/image_transport/package.xml
[14.958s] Invoked command in '/home/mirellameelo/ws/image_common-dashing/build/image_transport' returned '0': CMAKE_PREFIX_PATH=/opt/ros/dashing /usr/bin/cmake --build /home/mirellameelo/ws/image_common-dashing/build/image_transport --target install -- -j12 -l12
