[0.013s] Invoking command in '/home/mirellameelo/openvslam/ros2/build/publisher': CMAKE_PREFIX_PATH=${CMAKE_PREFIX_PATH}:/home/mirellameelo/ws/vision_opencv/install/opencv_tests:/opt/ros/dashing /usr/bin/cmake --build /home/mirellameelo/openvslam/ros2/build/publisher -- -j12 -l12
[0.074s] [ 80%] Built target video_publisher
[0.074s] [100%] Built target image_publisher
[0.082s] Invoked command in '/home/mirellameelo/openvslam/ros2/build/publisher' returned '0': CMAKE_PREFIX_PATH=${CMAKE_PREFIX_PATH}:/home/mirellameelo/ws/vision_opencv/install/opencv_tests:/opt/ros/dashing /usr/bin/cmake --build /home/mirellameelo/openvslam/ros2/build/publisher -- -j12 -l12
[0.111s] Invoking command in '/home/mirellameelo/openvslam/ros2/build/publisher': CMAKE_PREFIX_PATH=${CMAKE_PREFIX_PATH}:/home/mirellameelo/ws/vision_opencv/install/opencv_tests:/opt/ros/dashing /usr/bin/cmake --build /home/mirellameelo/openvslam/ros2/build/publisher --target install -- -j12 -l12
[0.163s] [ 40%] Built target video_publisher
[0.165s] [100%] Built target image_publisher
[0.180s] [36mInstall the project...[0m
[0.187s] -- Install configuration: "Release"
[0.187s] -- Execute custom install script
[0.188s] -- Up-to-date symlink: /home/mirellameelo/openvslam/ros2/install/publisher/lib/publisher/video
[0.188s] -- Up-to-date symlink: /home/mirellameelo/openvslam/ros2/install/publisher/lib/publisher/image
[0.189s] -- Up-to-date symlink: /home/mirellameelo/openvslam/ros2/install/publisher/share/ament_index/resource_index/package_run_dependencies/publisher
[0.189s] -- Up-to-date symlink: /home/mirellameelo/openvslam/ros2/install/publisher/share/ament_index/resource_index/parent_prefix_path/publisher
[0.189s] -- Up-to-date symlink: /home/mirellameelo/openvslam/ros2/install/publisher/share/publisher/environment/ament_prefix_path.sh
[0.189s] -- Up-to-date symlink: /home/mirellameelo/openvslam/ros2/install/publisher/share/publisher/environment/path.sh
[0.189s] -- Up-to-date symlink: /home/mirellameelo/openvslam/ros2/install/publisher/share/publisher/local_setup.bash
[0.190s] -- Up-to-date symlink: /home/mirellameelo/openvslam/ros2/install/publisher/share/publisher/local_setup.sh
[0.190s] -- Up-to-date symlink: /home/mirellameelo/openvslam/ros2/install/publisher/share/publisher/local_setup.zsh
[0.190s] -- Up-to-date symlink: /home/mirellameelo/openvslam/ros2/install/publisher/share/ament_index/resource_index/packages/publisher
[0.190s] -- Up-to-date symlink: /home/mirellameelo/openvslam/ros2/install/publisher/share/publisher/cmake/publisherConfig.cmake
[0.190s] -- Up-to-date symlink: /home/mirellameelo/openvslam/ros2/install/publisher/share/publisher/cmake/publisherConfig-version.cmake
[0.191s] -- Up-to-date symlink: /home/mirellameelo/openvslam/ros2/install/publisher/share/publisher/package.xml
[0.194s] Invoked command in '/home/mirellameelo/openvslam/ros2/build/publisher' returned '0': CMAKE_PREFIX_PATH=${CMAKE_PREFIX_PATH}:/home/mirellameelo/ws/vision_opencv/install/opencv_tests:/opt/ros/dashing /usr/bin/cmake --build /home/mirellameelo/openvslam/ros2/build/publisher --target install -- -j12 -l12
