[0.059s] [35m[1mScanning dependencies of target run_localization[0m
[0.087s] [ 50%] Built target run_slam
[0.098s] [ 75%] [32mBuilding CXX object src/CMakeFiles/run_localization.dir/run_localization.cc.o[0m
[2.838s] [01m[K/home/mirellameelo/openvslam/ros2/src/openvslam/src/run_localization.cc:[m[K In lambda function:
[2.838s] [01m[K/home/mirellameelo/openvslam/ros2/src/openvslam/src/run_localization.cc:91:41:[m[K [01;35m[Kwarning: [m[Kvariable ‘[01m[Kcam_pose_[m[K’ set but not used [[01;35m[K-Wunused-but-set-variable[m[K]
[2.838s]              Eigen::Matrix<double, 4, 4> [01;35m[Kcam_pose_[m[K = SLAM.feed_monocular_frame(cv_bridge::toCvShare(msg, "bgr8")->image, timestamp, mask);
[2.838s]                                          [01;35m[K^~~~~~~~~[m[K
[2.841s] [01m[K/home/mirellameelo/openvslam/ros2/src/openvslam/src/run_localization.cc:[m[K In function ‘[01m[Kvoid mono_localization(const std::shared_ptr<openvslam::config>&, const string&, const string&, const string&, bool)[m[K’:
[2.841s] [01m[K/home/mirellameelo/openvslam/ros2/src/openvslam/src/run_localization.cc:111:13:[m[K [01;31m[Kerror: [m[Kexpected initializer before ‘[01m[Kconst[m[K’
[2.841s]              [01;31m[Kconst[m[K auto timestamp = std::chrono::duration_cast<std::chrono::duration<double>>(tp_1 - tp_0).count();
[2.841s]              [01;31m[K^~~~~[m[K
[2.841s] [01m[K/home/mirellameelo/openvslam/ros2/src/openvslam/src/run_localization.cc:112:13:[m[K [01;31m[Kerror: [m[K‘[01m[Kcam_pose_[m[K’ was not declared in this scope
[2.841s]              [01;31m[Kcam_pose_[m[K = SLAM.feed_monocular_frame(cv_bridge::toCvShare(msg, "bgr8")->image, timestamp, mask);
[2.841s]              [01;31m[K^~~~~~~~~[m[K
[2.845s] [01m[K/home/mirellameelo/openvslam/ros2/src/openvslam/src/run_localization.cc:112:72:[m[K [01;31m[Kerror: [m[K‘[01m[Kmsg[m[K’ was not declared in this scope
[2.846s]              cam_pose_ = SLAM.feed_monocular_frame(cv_bridge::toCvShare([01;31m[Kmsg[m[K, "bgr8")->image, timestamp, mask);
[2.846s]                                                                         [01;31m[K^~~[m[K
[2.846s] [01m[K/home/mirellameelo/openvslam/ros2/src/openvslam/src/run_localization.cc:112:72:[m[K [01;36m[Knote: [m[Ksuggested alternatives:
[2.846s] In file included from [01m[K/opt/ros/dashing/include/rcl_interfaces/msg/intra_process_message.hpp:7:0[m[K,
[2.846s]                  from [01m[K/opt/ros/dashing/include/rclcpp/publisher.hpp:31[m[K,
[2.846s]                  from [01m[K/opt/ros/dashing/include/rclcpp/callback_group.hpp:24[m[K,
[2.846s]                  from [01m[K/opt/ros/dashing/include/rclcpp/any_executable.hpp:20[m[K,
[2.846s]                  from [01m[K/opt/ros/dashing/include/rclcpp/memory_strategy.hpp:24[m[K,
[2.846s]                  from [01m[K/opt/ros/dashing/include/rclcpp/memory_strategies.hpp:18[m[K,
[2.846s]                  from [01m[K/opt/ros/dashing/include/rclcpp/executor.hpp:33[m[K,
[2.847s]                  from [01m[K/opt/ros/dashing/include/rclcpp/executors/multi_threaded_executor.hpp:24[m[K,
[2.847s]                  from [01m[K/opt/ros/dashing/include/rclcpp/executors.hpp:21[m[K,
[2.847s]                  from [01m[K/opt/ros/dashing/include/rclcpp/rclcpp.hpp:144[m[K,
[2.847s]                  from [01m[K/home/mirellameelo/openvslam/ros2/src/openvslam/src/run_localization.cc:14[m[K:
[2.847s] [01m[K/opt/ros/dashing/include/rcl_interfaces/msg/intra_process_message__struct.hpp:36:11:[m[K [01;36m[Knote: [m[K  ‘[01m[Krcl_interfaces::msg[m[K’
[2.847s]  namespace [01;36m[Kmsg[m[K
[2.847s]            [01;36m[K^~~[m[K
[2.847s] In file included from [01m[K/opt/ros/dashing/include/builtin_interfaces/msg/time.hpp:7:0[m[K,
[2.847s]                  from [01m[K/opt/ros/dashing/include/rclcpp/time.hpp:18[m[K,
[2.847s]                  from [01m[K/opt/ros/dashing/include/rclcpp/clock.hpp:21[m[K,
[2.847s]                  from [01m[K/opt/ros/dashing/include/rclcpp/timer.hpp:26[m[K,
[2.847s]                  from [01m[K/opt/ros/dashing/include/rclcpp/callback_group.hpp:27[m[K,
[2.847s]                  from [01m[K/opt/ros/dashing/include/rclcpp/any_executable.hpp:20[m[K,
[2.847s]                  from [01m[K/opt/ros/dashing/include/rclcpp/memory_strategy.hpp:24[m[K,
[2.847s]                  from [01m[K/opt/ros/dashing/include/rclcpp/memory_strategies.hpp:18[m[K,
[2.847s]                  from [01m[K/opt/ros/dashing/include/rclcpp/executor.hpp:33[m[K,
[2.848s]                  from [01m[K/opt/ros/dashing/include/rclcpp/executors/multi_threaded_executor.hpp:24[m[K,
[2.848s]                  from [01m[K/opt/ros/dashing/include/rclcpp/executors.hpp:21[m[K,
[2.848s]                  from [01m[K/opt/ros/dashing/include/rclcpp/rclcpp.hpp:144[m[K,
[2.848s]                  from [01m[K/home/mirellameelo/openvslam/ros2/src/openvslam/src/run_localization.cc:14[m[K:
[2.848s] [01m[K/opt/ros/dashing/include/builtin_interfaces/msg/time__struct.hpp:36:11:[m[K [01;36m[Knote: [m[K  ‘[01m[Kbuiltin_interfaces::msg[m[K’
[2.848s]  namespace [01;36m[Kmsg[m[K
[2.848s]            [01;36m[K^~~[m[K
[2.848s] In file included from [01m[K/opt/ros/dashing/include/nav_msgs/msg/odometry__struct.hpp:29:0[m[K,
[2.848s]                  from [01m[K/opt/ros/dashing/include/nav_msgs/msg/odometry.hpp:7[m[K,
[2.848s]                  from [01m[K/home/mirellameelo/openvslam/ros2/src/openvslam/src/run_localization.cc:16[m[K:
[2.848s] [01m[K/opt/ros/dashing/include/std_msgs/msg/header__struct.hpp:40:11:[m[K [01;36m[Knote: [m[K  ‘[01m[Kstd_msgs::msg[m[K’
[2.848s]  namespace [01;36m[Kmsg[m[K
[2.848s]            [01;36m[K^~~[m[K
[2.848s] In file included from [01m[K/opt/ros/dashing/include/geometry_msgs/msg/pose__struct.hpp:29:0[m[K,
[2.848s]                  from [01m[K/opt/ros/dashing/include/geometry_msgs/msg/pose_with_covariance__struct.hpp:29[m[K,
[2.848s]                  from [01m[K/opt/ros/dashing/include/nav_msgs/msg/odometry__struct.hpp:31[m[K,
[2.848s]                  from [01m[K/opt/ros/dashing/include/nav_msgs/msg/odometry.hpp:7[m[K,
[2.848s]                  from [01m[K/home/mirellameelo/openvslam/ros2/src/openvslam/src/run_localization.cc:16[m[K:
[2.848s] [01m[K/opt/ros/dashing/include/geometry_msgs/msg/point__struct.hpp:36:11:[m[K [01;36m[Knote: [m[K  ‘[01m[Kgeometry_msgs::msg[m[K’
[2.849s]  namespace [01;36m[Kmsg[m[K
[2.849s]            [01;36m[K^~~[m[K
[2.849s] In file included from [01m[K/opt/ros/dashing/include/nav_msgs/msg/odometry.hpp:7:0[m[K,
[2.849s]                  from [01m[K/home/mirellameelo/openvslam/ros2/src/openvslam/src/run_localization.cc:16[m[K:
[2.849s] [01m[K/opt/ros/dashing/include/nav_msgs/msg/odometry__struct.hpp:44:11:[m[K [01;36m[Knote: [m[K  ‘[01m[Knav_msgs::msg[m[K’
[2.849s]  namespace [01;36m[Kmsg[m[K
[2.849s]            [01;36m[K^~~[m[K
[2.849s] In file included from [01m[K/opt/ros/dashing/include/tf2_msgs/msg/tf_message.hpp:7:0[m[K,
[2.849s]                  from [01m[K/opt/ros/dashing/include/tf2_ros/transform_listener.h:38[m[K,
[2.849s]                  from [01m[K/home/mirellameelo/openvslam/ros2/src/openvslam/src/run_localization.cc:19[m[K:
[2.849s] [01m[K/opt/ros/dashing/include/tf2_msgs/msg/tf_message__struct.hpp:40:11:[m[K [01;36m[Knote: [m[K  ‘[01m[Ktf2_msgs::msg[m[K’
[2.849s]  namespace [01;36m[Kmsg[m[K
[2.849s]            [01;36m[K^~~[m[K
[2.849s] In file included from [01m[K/opt/ros/dashing/include/sensor_msgs/msg/image.hpp:7:0[m[K,
[2.849s]                  from [01m[K/opt/ros/dashing/include/image_transport/camera_publisher.h:41[m[K,
[2.849s]                  from [01m[K/opt/ros/dashing/include/image_transport/image_transport.h:45[m[K,
[2.850s]                  from [01m[K/home/mirellameelo/openvslam/ros2/src/openvslam/src/run_localization.cc:21[m[K:
[2.850s] [01m[K/opt/ros/dashing/include/sensor_msgs/msg/image__struct.hpp:40:11:[m[K [01;36m[Knote: [m[K  ‘[01m[Ksensor_msgs::msg[m[K’
[2.850s]  namespace [01;36m[Kmsg[m[K
[2.850s]            [01;36m[K^~~[m[K
[2.850s] [01m[K/home/mirellameelo/openvslam/ros2/src/openvslam/src/run_localization.cc:112:93:[m[K [01;31m[Kerror: [m[K‘[01m[Ktimestamp[m[K’ was not declared in this scope
[2.850s]              cam_pose_ = SLAM.feed_monocular_frame(cv_bridge::toCvShare(msg, "bgr8")->image, [01;31m[Ktimestamp[m[K, mask);
[2.850s]                                                                                              [01;31m[K^~~~~~~~~[m[K
[2.850s] [01m[K/home/mirellameelo/openvslam/ros2/src/openvslam/src/run_localization.cc:112:93:[m[K [01;36m[Knote: [m[Ksuggested alternative: ‘[01m[Kmkstemp[m[K’
[2.850s]              cam_pose_ = SLAM.feed_monocular_frame(cv_bridge::toCvShare(msg, "bgr8")->image, [01;36m[Ktimestamp[m[K, mask);
[2.850s]                                                                                              [01;36m[K^~~~~~~~~[m[K
[2.850s]                                                                                              [32m[Kmkstemp[m[K
[4.541s] src/CMakeFiles/run_localization.dir/build.make:62: recipe for target 'src/CMakeFiles/run_localization.dir/run_localization.cc.o' failed
[4.541s] make[2]: *** [src/CMakeFiles/run_localization.dir/run_localization.cc.o] Error 1
[4.541s] CMakeFiles/Makefile2:156: recipe for target 'src/CMakeFiles/run_localization.dir/all' failed
[4.542s] make[1]: *** [src/CMakeFiles/run_localization.dir/all] Error 2
[4.542s] make: *** [all] Error 2
[4.542s] Makefile:140: recipe for target 'all' failed
