[0.106s] [ 80%] Built target video_publisher
[0.106s] [100%] Built target image_publisher
[0.192s] [ 60%] Built target image_publisher
[0.196s] [100%] Built target video_publisher
[0.211s] [36mInstall the project...[0m
[0.218s] -- Install configuration: "Release"
[0.218s] -- Execute custom install script
[0.219s] -- Up-to-date symlink: /home/mirellameelo/openvslam/ros2/install/publisher/lib/publisher/video
[0.219s] -- Up-to-date symlink: /home/mirellameelo/openvslam/ros2/install/publisher/lib/publisher/image
[0.219s] -- Up-to-date symlink: /home/mirellameelo/openvslam/ros2/install/publisher/share/ament_index/resource_index/package_run_dependencies/publisher
[0.220s] -- Up-to-date symlink: /home/mirellameelo/openvslam/ros2/install/publisher/share/ament_index/resource_index/parent_prefix_path/publisher
[0.220s] -- Up-to-date symlink: /home/mirellameelo/openvslam/ros2/install/publisher/share/publisher/environment/ament_prefix_path.sh
[0.220s] -- Up-to-date symlink: /home/mirellameelo/openvslam/ros2/install/publisher/share/publisher/environment/path.sh
[0.220s] -- Up-to-date symlink: /home/mirellameelo/openvslam/ros2/install/publisher/share/publisher/local_setup.bash
[0.220s] -- Up-to-date symlink: /home/mirellameelo/openvslam/ros2/install/publisher/share/publisher/local_setup.sh
[0.221s] -- Up-to-date symlink: /home/mirellameelo/openvslam/ros2/install/publisher/share/publisher/local_setup.zsh
[0.221s] -- Up-to-date symlink: /home/mirellameelo/openvslam/ros2/install/publisher/share/ament_index/resource_index/packages/publisher
[0.221s] -- Up-to-date symlink: /home/mirellameelo/openvslam/ros2/install/publisher/share/publisher/cmake/publisherConfig.cmake
[0.221s] -- Up-to-date symlink: /home/mirellameelo/openvslam/ros2/install/publisher/share/publisher/cmake/publisherConfig-version.cmake
[0.221s] -- Up-to-date symlink: /home/mirellameelo/openvslam/ros2/install/publisher/share/publisher/package.xml
