[0.055s] [35m[1mScanning dependencies of target run_slam[0m
[0.076s] [ 50%] Built target run_localization
[0.088s] [ 75%] [32mBuilding CXX object src/CMakeFiles/run_slam.dir/run_slam.cc.o[0m
[9.983s] [100%] [32m[1mLinking CXX executable run_slam[0m
[10.389s] [100%] Built target run_slam
[10.465s] [ 50%] Built target run_localization
[10.466s] [100%] Built target run_slam
[10.478s] [36mInstall the project...[0m
[10.485s] -- Install configuration: "Release"
[10.485s] -- Execute custom install script
[10.485s] -- Symlinking: /home/mirellameelo/openvslam/ros2/install/openvslam/lib/openvslam/run_slam
[10.492s] -- Symlinking: /home/mirellameelo/openvslam/ros2/install/openvslam/lib/openvslam/run_localization
[10.498s] -- Up-to-date symlink: /home/mirellameelo/openvslam/ros2/install/openvslam/lib/openvslam/run_slam
[10.498s] -- Up-to-date symlink: /home/mirellameelo/openvslam/ros2/install/openvslam/lib/openvslam/run_localization
[10.498s] -- Symlinking: /home/mirellameelo/openvslam/ros2/install/openvslam/share/ament_index/resource_index/package_run_dependencies/openvslam
[10.505s] -- Symlinking: /home/mirellameelo/openvslam/ros2/install/openvslam/share/ament_index/resource_index/parent_prefix_path/openvslam
[10.511s] -- Symlinking: /home/mirellameelo/openvslam/ros2/install/openvslam/share/openvslam/environment/ament_prefix_path.sh
[10.518s] -- Symlinking: /home/mirellameelo/openvslam/ros2/install/openvslam/share/openvslam/environment/path.sh
[10.524s] -- Symlinking: /home/mirellameelo/openvslam/ros2/install/openvslam/share/openvslam/local_setup.bash
[10.531s] -- Symlinking: /home/mirellameelo/openvslam/ros2/install/openvslam/share/openvslam/local_setup.sh
[10.537s] -- Symlinking: /home/mirellameelo/openvslam/ros2/install/openvslam/share/openvslam/local_setup.zsh
[10.543s] -- Symlinking: /home/mirellameelo/openvslam/ros2/install/openvslam/share/ament_index/resource_index/packages/openvslam
[10.549s] -- Symlinking: /home/mirellameelo/openvslam/ros2/install/openvslam/share/openvslam/cmake/openvslamConfig.cmake
[10.556s] -- Symlinking: /home/mirellameelo/openvslam/ros2/install/openvslam/share/openvslam/cmake/openvslamConfig-version.cmake
[10.562s] -- Symlinking: /home/mirellameelo/openvslam/ros2/install/openvslam/share/openvslam/package.xml
