[0.019s] Invoking command in '/home/mirellameelo/openvslam/ros2/build/openvslam': CMAKE_PREFIX_PATH=${CMAKE_PREFIX_PATH}:/home/mirellameelo/ws/vision_opencv/install/opencv_tests:/opt/ros/dashing /usr/bin/cmake --build /home/mirellameelo/openvslam/ros2/build/openvslam -- -j12 -l12
[0.041s] -- Root directory of OpenVSLAM: /home/mirellameelo/openvslam
[0.042s] -- Source directory of OpenVSLAM: /home/mirellameelo/openvslam/src
[0.042s] -- Library directory of OpenVSLAM: /home/mirellameelo/openvslam/build/lib
[0.042s] -- Build type: Release
[0.042s] -- Address/Memory sanitizer: DISABLED
[0.042s] -- Stack trace logger: DISABLED
[0.042s] -- Google Perftools: DISABLED
[0.042s] -- Architecture-aware optimization (-march=native): DISABLED
[0.042s] -- C++11 support: OK (-std=c++17)
[0.042s] -- Found ament_cmake: 0.7.4 (/opt/ros/dashing/share/ament_cmake/cmake)
[0.069s] -- Using PYTHON_EXECUTABLE: /usr/bin/python3
[0.236s] -- Override CMake install command with custom implementation using symlinks instead of copying resources
[0.241s] -- Found rclcpp: 0.7.13 (/opt/ros/dashing/share/rclcpp/cmake)
[0.250s] -- Found rosidl_adapter: 0.7.9 (/opt/ros/dashing/share/rosidl_adapter/cmake)
[0.273s] -- Found rmw_implementation_cmake: 0.7.2 (/opt/ros/dashing/share/rmw_implementation_cmake/cmake)
[0.274s] -- Using RMW implementation 'rmw_fastrtps_cpp' as default
[0.293s] -- Found cv_bridge: 2.1.3 (/home/mirellameelo/ws/vision_opencv/install/cv_bridge/share/cv_bridge/cmake)
[0.299s] -- Found image_transport: 2.1.1 (/home/mirellameelo/ws/image_common-dashing/install/image_transport/share/image_transport/cmake)
[0.332s] -- Found tinyxml2_vendor:  (/opt/ros/dashing/share/tinyxml2_vendor/cmake)
[0.341s] -- Found poco_vendor:  (/opt/ros/dashing/share/poco_vendor/cmake)
[0.348s] -- Found nav_msgs: 0.7.0 (/opt/ros/dashing/share/nav_msgs/cmake)
[0.356s] -- Found tf2_ros: 0.11.6 (/opt/ros/dashing/share/tf2_ros/cmake)
[0.395s] -- Use OpenCV 3.4.0
[0.397s] -- BoW framework: DBoW2 (found in /usr/local/include)
[0.398s] CMake Error at src/CMakeLists.txt:1:
[0.398s]   Parse error.  Expected a command name, got left paren with text "(".
[0.398s] 
[0.398s] 
[0.399s] -- Configuring incomplete, errors occurred!
[0.399s] See also "/home/mirellameelo/openvslam/ros2/build/openvslam/CMakeFiles/CMakeOutput.log".
[0.399s] See also "/home/mirellameelo/openvslam/ros2/build/openvslam/CMakeFiles/CMakeError.log".
[0.401s] make: *** [cmake_check_build_system] Error 1
[0.401s] Makefile:236: recipe for target 'cmake_check_build_system' failed
[0.402s] Invoked command in '/home/mirellameelo/openvslam/ros2/build/openvslam' returned '2': CMAKE_PREFIX_PATH=${CMAKE_PREFIX_PATH}:/home/mirellameelo/ws/vision_opencv/install/opencv_tests:/opt/ros/dashing /usr/bin/cmake --build /home/mirellameelo/openvslam/ros2/build/openvslam -- -j12 -l12
