[0.041s] -- Root directory of OpenVSLAM: /home/mirellameelo/openvslam
[0.041s] -- Source directory of OpenVSLAM: /home/mirellameelo/openvslam/src
[0.041s] -- Library directory of OpenVSLAM: /home/mirellameelo/openvslam/build/lib
[0.041s] -- Build type: Release
[0.042s] -- Address/Memory sanitizer: DISABLED
[0.042s] -- Stack trace logger: DISABLED
[0.042s] -- Google Perftools: DISABLED
[0.042s] -- Architecture-aware optimization (-march=native): DISABLED
[0.042s] -- C++11 support: OK (-std=c++17)
[0.042s] -- Found ament_cmake: 0.7.4 (/opt/ros/dashing/share/ament_cmake/cmake)
[0.068s] -- Using PYTHON_EXECUTABLE: /usr/bin/python3
[0.227s] -- Override CMake install command with custom implementation using symlinks instead of copying resources
[0.233s] -- Found rclcpp: 0.7.13 (/opt/ros/dashing/share/rclcpp/cmake)
[0.244s] -- Found rosidl_adapter: 0.7.9 (/opt/ros/dashing/share/rosidl_adapter/cmake)
[0.267s] -- Found rmw_implementation_cmake: 0.7.2 (/opt/ros/dashing/share/rmw_implementation_cmake/cmake)
[0.269s] -- Using RMW implementation 'rmw_fastrtps_cpp' as default
[0.288s] -- Found cv_bridge: 2.1.3 (/home/mirellameelo/ws/vision_opencv/install/cv_bridge/share/cv_bridge/cmake)
[0.294s] -- Found image_transport: 2.1.1 (/home/mirellameelo/ws/image_common-dashing/install/image_transport/share/image_transport/cmake)
[0.326s] -- Found tinyxml2_vendor:  (/opt/ros/dashing/share/tinyxml2_vendor/cmake)
[0.335s] -- Found poco_vendor:  (/opt/ros/dashing/share/poco_vendor/cmake)
[0.340s] -- Found nav_msgs: 0.7.0 (/opt/ros/dashing/share/nav_msgs/cmake)
[0.352s] -- Use OpenCV 3.4.0
[0.355s] -- BoW framework: DBoW2 (found in /usr/local/include)
[0.356s] -- Viewer for examples: pangolin viewer
[0.482s] -- Configuring done
[0.530s] -- Generating done
[0.532s] -- Build files have been written to: /home/mirellameelo/openvslam/ros2/build/openvslam
[0.573s] [ 25%] [32mBuilding CXX object src/CMakeFiles/run_localization.dir/run_localization.cc.o[0m
[0.578s] [ 50%] [32m[1mLinking CXX executable run_slam[0m
[0.905s] src/CMakeFiles/run_localization.dir/build.make:62: recipe for target 'src/CMakeFiles/run_localization.dir/run_localization.cc.o' failed
[0.905s] CMakeFiles/Makefile2:156: recipe for target 'src/CMakeFiles/run_localization.dir/all' failed
[1.058s] [ 75%] Built target run_slam
[1.059s] Makefile:140: recipe for target 'all' failed
