[0.045s] -- Root directory of OpenVSLAM: /home/mirellameelo/openvslam
[0.045s] -- Source directory of OpenVSLAM: /home/mirellameelo/openvslam/src
[0.045s] -- Library directory of OpenVSLAM: /home/mirellameelo/openvslam/build/lib
[0.045s] -- Build type: Release
[0.045s] -- Address/Memory sanitizer: DISABLED
[0.045s] -- Stack trace logger: DISABLED
[0.045s] -- Google Perftools: DISABLED
[0.045s] -- Architecture-aware optimization (-march=native): DISABLED
[0.046s] -- C++11 support: OK (-std=c++17)
[0.046s] -- Found ament_cmake: 0.7.4 (/opt/ros/dashing/share/ament_cmake/cmake)
[0.078s] -- Using PYTHON_EXECUTABLE: /usr/bin/python3
[0.275s] -- Override CMake install command with custom implementation using symlinks instead of copying resources
[0.280s] -- Found rclcpp: 0.7.13 (/opt/ros/dashing/share/rclcpp/cmake)
[0.291s] -- Found rosidl_adapter: 0.7.9 (/opt/ros/dashing/share/rosidl_adapter/cmake)
[0.315s] -- Found rmw_implementation_cmake: 0.7.2 (/opt/ros/dashing/share/rmw_implementation_cmake/cmake)
[0.316s] -- Using RMW implementation 'rmw_fastrtps_cpp' as default
[0.335s] -- Found cv_bridge: 2.1.3 (/home/mirellameelo/ws/vision_opencv/install/cv_bridge/share/cv_bridge/cmake)
[0.342s] -- Found image_transport: 2.1.1 (/home/mirellameelo/ws/image_common-dashing/install/image_transport/share/image_transport/cmake)
[0.372s] -- Found tinyxml2_vendor:  (/opt/ros/dashing/share/tinyxml2_vendor/cmake)
[0.380s] -- Found poco_vendor:  (/opt/ros/dashing/share/poco_vendor/cmake)
[0.386s] -- Found nav_msgs: 0.7.0 (/opt/ros/dashing/share/nav_msgs/cmake)
[0.397s] -- Use OpenCV 3.4.0
[0.400s] -- BoW framework: DBoW2 (found in /usr/local/include)
[0.400s] -- Viewer for examples: pangolin viewer
[0.511s] -- Configuring done
[0.555s] -- Generating done
[0.556s] -- Build files have been written to: /home/mirellameelo/openvslam/ros2/build/openvslam
[0.603s] [ 50%] Built target run_localization
[0.603s] [100%] Built target run_slam
[0.704s] [ 50%] Built target run_localization
[0.705s] [100%] Built target run_slam
[0.721s] [36mInstall the project...[0m
[0.728s] -- Install configuration: "Release"
[0.728s] -- Execute custom install script
[0.729s] -- Up-to-date symlink: /home/mirellameelo/openvslam/ros2/install/openvslam/lib/openvslam/run_slam
[0.729s] -- Up-to-date symlink: /home/mirellameelo/openvslam/ros2/install/openvslam/lib/openvslam/run_localization
[0.730s] -- Up-to-date symlink: /home/mirellameelo/openvslam/ros2/install/openvslam/lib/openvslam/run_slam
[0.730s] -- Up-to-date symlink: /home/mirellameelo/openvslam/ros2/install/openvslam/lib/openvslam/run_localization
[0.730s] -- Up-to-date symlink: /home/mirellameelo/openvslam/ros2/install/openvslam/share/ament_index/resource_index/package_run_dependencies/openvslam
[0.730s] -- Up-to-date symlink: /home/mirellameelo/openvslam/ros2/install/openvslam/share/ament_index/resource_index/parent_prefix_path/openvslam
[0.730s] -- Up-to-date symlink: /home/mirellameelo/openvslam/ros2/install/openvslam/share/openvslam/environment/ament_prefix_path.sh
[0.731s] -- Up-to-date symlink: /home/mirellameelo/openvslam/ros2/install/openvslam/share/openvslam/environment/path.sh
[0.731s] -- Up-to-date symlink: /home/mirellameelo/openvslam/ros2/install/openvslam/share/openvslam/local_setup.bash
[0.731s] -- Up-to-date symlink: /home/mirellameelo/openvslam/ros2/install/openvslam/share/openvslam/local_setup.sh
[0.731s] -- Up-to-date symlink: /home/mirellameelo/openvslam/ros2/install/openvslam/share/openvslam/local_setup.zsh
[0.732s] -- Up-to-date symlink: /home/mirellameelo/openvslam/ros2/install/openvslam/share/ament_index/resource_index/packages/openvslam
[0.732s] -- Up-to-date symlink: /home/mirellameelo/openvslam/ros2/install/openvslam/share/openvslam/cmake/openvslamConfig.cmake
[0.732s] -- Up-to-date symlink: /home/mirellameelo/openvslam/ros2/install/openvslam/share/openvslam/cmake/openvslamConfig-version.cmake
[0.732s] -- Up-to-date symlink: /home/mirellameelo/openvslam/ros2/install/openvslam/share/openvslam/package.xml
