[0.061s] [35m[1mScanning dependencies of target run_localization[0m
[0.085s] [ 50%] Built target run_slam
[0.112s] [ 75%] [32mBuilding CXX object src/CMakeFiles/run_localization.dir/run_localization.cc.o[0m
[8.362s] [100%] [32m[1mLinking CXX executable run_localization[0m
[8.804s] [100%] Built target run_localization
[8.888s] [ 50%] Built target run_localization
[8.888s] [100%] Built target run_slam
[8.903s] [36mInstall the project...[0m
[8.910s] -- Install configuration: "Release"
[8.910s] -- Execute custom install script
[8.910s] -- Up-to-date symlink: /home/mirellameelo/openvslam/ros2/install/openvslam/lib/openvslam/run_slam
[8.911s] -- Up-to-date symlink: /home/mirellameelo/openvslam/ros2/install/openvslam/lib/openvslam/run_localization
[8.911s] -- Up-to-date symlink: /home/mirellameelo/openvslam/ros2/install/openvslam/lib/openvslam/run_slam
[8.911s] -- Up-to-date symlink: /home/mirellameelo/openvslam/ros2/install/openvslam/lib/openvslam/run_localization
[8.912s] -- Up-to-date symlink: /home/mirellameelo/openvslam/ros2/install/openvslam/share/ament_index/resource_index/package_run_dependencies/openvslam
[8.912s] -- Up-to-date symlink: /home/mirellameelo/openvslam/ros2/install/openvslam/share/ament_index/resource_index/parent_prefix_path/openvslam
[8.912s] -- Up-to-date symlink: /home/mirellameelo/openvslam/ros2/install/openvslam/share/openvslam/environment/ament_prefix_path.sh
[8.912s] -- Up-to-date symlink: /home/mirellameelo/openvslam/ros2/install/openvslam/share/openvslam/environment/path.sh
[8.912s] -- Up-to-date symlink: /home/mirellameelo/openvslam/ros2/install/openvslam/share/openvslam/local_setup.bash
[8.912s] -- Up-to-date symlink: /home/mirellameelo/openvslam/ros2/install/openvslam/share/openvslam/local_setup.sh
[8.913s] -- Up-to-date symlink: /home/mirellameelo/openvslam/ros2/install/openvslam/share/openvslam/local_setup.zsh
[8.913s] -- Up-to-date symlink: /home/mirellameelo/openvslam/ros2/install/openvslam/share/ament_index/resource_index/packages/openvslam
[8.913s] -- Up-to-date symlink: /home/mirellameelo/openvslam/ros2/install/openvslam/share/openvslam/cmake/openvslamConfig.cmake
[8.913s] -- Up-to-date symlink: /home/mirellameelo/openvslam/ros2/install/openvslam/share/openvslam/cmake/openvslamConfig-version.cmake
[8.913s] -- Up-to-date symlink: /home/mirellameelo/openvslam/ros2/install/openvslam/share/openvslam/package.xml
