[0.059s] [35m[1mScanning dependencies of target run_localization[0m
[0.087s] [ 50%] Built target run_slam
[0.106s] [ 75%] [32mBuilding CXX object src/CMakeFiles/run_localization.dir/run_localization.cc.o[0m
[2.797s] [01m[K/home/mirellameelo/openvslam/ros2/src/openvslam/src/run_localization.cc:[m[K In lambda function:
[2.798s] [01m[K/home/mirellameelo/openvslam/ros2/src/openvslam/src/run_localization.cc:94:18:[m[K [01;35m[Kwarning: [m[Kvariable ‘[01m[Kcam_pose_[m[K’ set but not used [[01;35m[K-Wunused-but-set-variable[m[K]
[2.798s]              auto [01;35m[Kcam_pose_[m[K = SLAM.feed_monocular_frame(cv_bridge::toCvShare(msg, "bgr8")->image, timestamp, mask);
[2.798s]                   [01;35m[K^~~~~~~~~[m[K
[7.935s] [100%] [32m[1mLinking CXX executable run_localization[0m
[8.414s] [100%] Built target run_localization
[8.495s] [100%] Built target run_slam
[8.496s] [100%] Built target run_localization
[8.510s] [36mInstall the project...[0m
[8.517s] -- Install configuration: "Release"
[8.518s] -- Execute custom install script
[8.518s] -- Up-to-date symlink: /home/mirellameelo/openvslam/ros2/install/openvslam/lib/openvslam/run_slam
[8.518s] -- Up-to-date symlink: /home/mirellameelo/openvslam/ros2/install/openvslam/lib/openvslam/run_localization
[8.519s] -- Up-to-date symlink: /home/mirellameelo/openvslam/ros2/install/openvslam/lib/openvslam/run_slam
[8.519s] -- Up-to-date symlink: /home/mirellameelo/openvslam/ros2/install/openvslam/lib/openvslam/run_localization
[8.519s] -- Up-to-date symlink: /home/mirellameelo/openvslam/ros2/install/openvslam/share/ament_index/resource_index/package_run_dependencies/openvslam
[8.520s] -- Up-to-date symlink: /home/mirellameelo/openvslam/ros2/install/openvslam/share/ament_index/resource_index/parent_prefix_path/openvslam
[8.520s] -- Up-to-date symlink: /home/mirellameelo/openvslam/ros2/install/openvslam/share/openvslam/environment/ament_prefix_path.sh
[8.520s] -- Up-to-date symlink: /home/mirellameelo/openvslam/ros2/install/openvslam/share/openvslam/environment/path.sh
[8.520s] -- Up-to-date symlink: /home/mirellameelo/openvslam/ros2/install/openvslam/share/openvslam/local_setup.bash
[8.520s] -- Up-to-date symlink: /home/mirellameelo/openvslam/ros2/install/openvslam/share/openvslam/local_setup.sh
[8.520s] -- Up-to-date symlink: /home/mirellameelo/openvslam/ros2/install/openvslam/share/openvslam/local_setup.zsh
[8.521s] -- Up-to-date symlink: /home/mirellameelo/openvslam/ros2/install/openvslam/share/ament_index/resource_index/packages/openvslam
[8.521s] -- Up-to-date symlink: /home/mirellameelo/openvslam/ros2/install/openvslam/share/openvslam/cmake/openvslamConfig.cmake
[8.521s] -- Up-to-date symlink: /home/mirellameelo/openvslam/ros2/install/openvslam/share/openvslam/cmake/openvslamConfig-version.cmake
[8.521s] -- Up-to-date symlink: /home/mirellameelo/openvslam/ros2/install/openvslam/share/openvslam/package.xml
