[0.039s] -- Root directory of OpenVSLAM: /home/mirellameelo/openvslam
[0.039s] -- Source directory of OpenVSLAM: /home/mirellameelo/openvslam/src
[0.039s] -- Library directory of OpenVSLAM: /home/mirellameelo/openvslam/build/lib
[0.039s] -- Build type: Release
[0.039s] -- Address/Memory sanitizer: DISABLED
[0.039s] -- Stack trace logger: DISABLED
[0.039s] -- Google Perftools: DISABLED
[0.039s] -- Architecture-aware optimization (-march=native): DISABLED
[0.040s] -- C++11 support: OK (-std=c++17)
[0.040s] -- Found ament_cmake: 0.7.4 (/opt/ros/dashing/share/ament_cmake/cmake)
[0.067s] -- Using PYTHON_EXECUTABLE: /usr/bin/python3
[0.227s] -- Override CMake install command with custom implementation using symlinks instead of copying resources
[0.232s] -- Found rclcpp: 0.7.13 (/opt/ros/dashing/share/rclcpp/cmake)
[0.242s] -- Found rosidl_adapter: 0.7.9 (/opt/ros/dashing/share/rosidl_adapter/cmake)
[0.264s] -- Found rmw_implementation_cmake: 0.7.2 (/opt/ros/dashing/share/rmw_implementation_cmake/cmake)
[0.265s] -- Using RMW implementation 'rmw_fastrtps_cpp' as default
[0.284s] -- Found cv_bridge: 2.1.3 (/home/mirellameelo/ws/vision_opencv/install/cv_bridge/share/cv_bridge/cmake)
[0.290s] -- Found image_transport: 2.1.1 (/home/mirellameelo/ws/image_common-dashing/install/image_transport/share/image_transport/cmake)
[0.321s] -- Found tinyxml2_vendor:  (/opt/ros/dashing/share/tinyxml2_vendor/cmake)
[0.329s] -- Found poco_vendor:  (/opt/ros/dashing/share/poco_vendor/cmake)
[0.334s] -- Found nav_msgs: 0.7.0 (/opt/ros/dashing/share/nav_msgs/cmake)
[0.346s] -- Use OpenCV 3.4.0
[0.348s] -- BoW framework: DBoW2 (found in /usr/local/include)
[0.349s] -- Viewer for examples: pangolin viewer
[0.470s] -- Configuring done
[0.508s] -- Generating done
[0.509s] -- Build files have been written to: /home/mirellameelo/openvslam/ros2/build/openvslam
[0.531s] [35m[1mScanning dependencies of target run_localization[0m
[0.552s] [ 50%] Built target run_slam
[0.573s] [ 75%] [32mBuilding CXX object src/CMakeFiles/run_localization.dir/run_localization.cc.o[0m
[0.850s] [01m[K/home/mirellameelo/openvslam/ros2/src/openvslam/src/run_localization.cc:18:10:[m[K [01;31m[Kfatal error: [m[Kgeometry_msgs/msg/Pose.hpp: No such file or directory
[0.850s]  #include [01;31m[K<geometry_msgs/msg/Pose.hpp>[m[K
[0.850s]           [01;31m[K^~~~~~~~~~~~~~~~~~~~~~~~~~~~[m[K
[0.850s] compilation terminated.
[0.854s] src/CMakeFiles/run_localization.dir/build.make:62: recipe for target 'src/CMakeFiles/run_localization.dir/run_localization.cc.o' failed
[0.855s] make[2]: *** [src/CMakeFiles/run_localization.dir/run_localization.cc.o] Error 1
[0.855s] make[1]: *** [src/CMakeFiles/run_localization.dir/all] Error 2
[0.855s] CMakeFiles/Makefile2:156: recipe for target 'src/CMakeFiles/run_localization.dir/all' failed
[0.855s] Makefile:140: recipe for target 'all' failed
[0.856s] make: *** [all] Error 2
