[0.059s] [35m[1mScanning dependencies of target run_localization[0m
[0.085s] [ 50%] Built target run_slam
[0.099s] [ 75%] [32mBuilding CXX object src/CMakeFiles/run_localization.dir/run_localization.cc.o[0m
[2.885s] [01m[K/home/mirellameelo/openvslam/ros2/src/openvslam/src/run_localization.cc:[m[K In function ‘[01m[Kvoid mono_localization(const std::shared_ptr<openvslam::config>&, const string&, const string&, const string&, bool)[m[K’:
[2.885s] [01m[K/home/mirellameelo/openvslam/ros2/src/openvslam/src/run_localization.cc:102:36:[m[K [01;31m[Kerror: [m[Kinvalid use of incomplete type ‘[01m[Kusing element_type = class openvslam::publish::map_publisher {aka class openvslam::publish::map_publisher}[m[K’
[2.885s]      auto cam_pose_ = map_publisher_[01;31m[K->[m[Kget_current_cam_pose();
[2.886s]                                     [01;31m[K^~[m[K
[2.886s] In file included from [01m[K/home/mirellameelo/openvslam/ros2/src/openvslam/src/run_localization.cc:2:0[m[K:
[2.886s] [01m[K/home/mirellameelo/openvslam/src/pangolin_viewer/viewer.h:20:7:[m[K [01;36m[Knote: [m[Kforward declaration of ‘[01m[Kusing element_type = class openvslam::publish::map_publisher {aka class openvslam::publish::map_publisher}[m[K’
[2.886s]  class [01;36m[Kmap_publisher[m[K;
[2.886s]        [01;36m[K^~~~~~~~~~~~~[m[K
[2.886s] [01m[K/home/mirellameelo/openvslam/ros2/src/openvslam/src/run_localization.cc:106:35:[m[K [01;31m[Kerror: [m[Kinvalid use of incomplete type ‘[01m[Kusing element_type = class openvslam::publish::map_publisher {aka class openvslam::publish::map_publisher}[m[K’
[2.886s]          cam_pose_ = map_publisher_[01;31m[K->[m[Kget_current_cam_pose();
[2.886s]                                    [01;31m[K^~[m[K
[2.886s] In file included from [01m[K/home/mirellameelo/openvslam/ros2/src/openvslam/src/run_localization.cc:2:0[m[K:
[2.886s] [01m[K/home/mirellameelo/openvslam/src/pangolin_viewer/viewer.h:20:7:[m[K [01;36m[Knote: [m[Kforward declaration of ‘[01m[Kusing element_type = class openvslam::publish::map_publisher {aka class openvslam::publish::map_publisher}[m[K’
[2.886s]  class [01;36m[Kmap_publisher[m[K;
[2.886s]        [01;36m[K^~~~~~~~~~~~~[m[K
[2.897s] [01m[K/home/mirellameelo/openvslam/ros2/src/openvslam/src/run_localization.cc:175:5:[m[K [01;31m[Kerror: [m[K‘[01m[Kthread[m[K’ was not declared in this scope
[2.897s]      [01;31m[Kthread[m[K.join();
[2.897s]      [01;31m[K^~~~~~[m[K
[2.897s] [01m[K/home/mirellameelo/openvslam/ros2/src/openvslam/src/run_localization.cc:175:5:[m[K [01;36m[Knote: [m[Ksuggested alternative:
[2.897s] In file included from [01m[K/home/mirellameelo/openvslam/src/openvslam/system.h:8:0[m[K,
[2.897s]                  from [01m[K/home/mirellameelo/openvslam/ros2/src/openvslam/src/run_localization.cc:7[m[K:
[2.897s] [01m[K/usr/include/c++/7/thread:62:9:[m[K [01;36m[Knote: [m[K  ‘[01m[Kstd::thread[m[K’
[2.897s]    class [01;36m[Kthread[m[K
[2.897s]          [01;36m[K^~~~~~[m[K
[4.605s] make[2]: *** [src/CMakeFiles/run_localization.dir/run_localization.cc.o] Error 1
[4.606s] src/CMakeFiles/run_localization.dir/build.make:62: recipe for target 'src/CMakeFiles/run_localization.dir/run_localization.cc.o' failed
[4.606s] make[1]: *** [src/CMakeFiles/run_localization.dir/all] Error 2
[4.606s] CMakeFiles/Makefile2:156: recipe for target 'src/CMakeFiles/run_localization.dir/all' failed
[4.606s] Makefile:140: recipe for target 'all' failed
[4.606s] make: *** [all] Error 2
