[0.061s] [35m[1mScanning dependencies of target run_localization[0m
[0.090s] [ 50%] Built target run_slam
[0.108s] [ 75%] [32mBuilding CXX object src/CMakeFiles/run_localization.dir/run_localization.cc.o[0m
[2.988s] [01m[K/home/mirellameelo/openvslam/ros2/src/openvslam/src/run_localization.cc:[m[K In lambda function:
[2.988s] [01m[K/home/mirellameelo/openvslam/ros2/src/openvslam/src/run_localization.cc:86:18:[m[K [01;35m[Kwarning: [m[Kvariable ‘[01m[Kcam_pose_[m[K’ set but not used [[01;35m[K-Wunused-but-set-variable[m[K]
[2.988s]              auto [01;35m[Kcam_pose_[m[K = SLAM.feed_monocular_frame(cv_bridge::toCvShare(msg, "bgr8")->image, timestamp, mask);
[2.988s]                   [01;35m[K^~~~~~~~~[m[K
[8.474s] [100%] [32m[1mLinking CXX executable run_localization[0m
[8.984s] [100%] Built target run_localization
[9.069s] [100%] Built target run_localization
[9.069s] [100%] Built target run_slam
[9.084s] [36mInstall the project...[0m
[9.090s] -- Install configuration: "Release"
[9.090s] -- Execute custom install script
[9.091s] -- Up-to-date symlink: /home/mirellameelo/openvslam/ros2/install/openvslam/lib/openvslam/run_slam
[9.091s] -- Up-to-date symlink: /home/mirellameelo/openvslam/ros2/install/openvslam/lib/openvslam/run_localization
[9.092s] -- Up-to-date symlink: /home/mirellameelo/openvslam/ros2/install/openvslam/lib/openvslam/run_slam
[9.092s] -- Up-to-date symlink: /home/mirellameelo/openvslam/ros2/install/openvslam/lib/openvslam/run_localization
[9.092s] -- Up-to-date symlink: /home/mirellameelo/openvslam/ros2/install/openvslam/share/ament_index/resource_index/package_run_dependencies/openvslam
[9.093s] -- Up-to-date symlink: /home/mirellameelo/openvslam/ros2/install/openvslam/share/ament_index/resource_index/parent_prefix_path/openvslam
[9.093s] -- Up-to-date symlink: /home/mirellameelo/openvslam/ros2/install/openvslam/share/openvslam/environment/ament_prefix_path.sh
[9.093s] -- Up-to-date symlink: /home/mirellameelo/openvslam/ros2/install/openvslam/share/openvslam/environment/path.sh
[9.094s] -- Up-to-date symlink: /home/mirellameelo/openvslam/ros2/install/openvslam/share/openvslam/local_setup.bash
[9.094s] -- Up-to-date symlink: /home/mirellameelo/openvslam/ros2/install/openvslam/share/openvslam/local_setup.sh
[9.094s] -- Up-to-date symlink: /home/mirellameelo/openvslam/ros2/install/openvslam/share/openvslam/local_setup.zsh
[9.095s] -- Up-to-date symlink: /home/mirellameelo/openvslam/ros2/install/openvslam/share/ament_index/resource_index/packages/openvslam
[9.095s] -- Up-to-date symlink: /home/mirellameelo/openvslam/ros2/install/openvslam/share/openvslam/cmake/openvslamConfig.cmake
[9.095s] -- Up-to-date symlink: /home/mirellameelo/openvslam/ros2/install/openvslam/share/openvslam/cmake/openvslamConfig-version.cmake
[9.095s] -- Up-to-date symlink: /home/mirellameelo/openvslam/ros2/install/openvslam/share/openvslam/package.xml
