[0.021s] Invoking command in '/home/mirellameelo/openvslam/ros2/build/openvslam': CMAKE_PREFIX_PATH=${CMAKE_PREFIX_PATH}:/home/mirellameelo/ws/vision_opencv/install/opencv_tests:/opt/ros/dashing /usr/bin/cmake --build /home/mirellameelo/openvslam/ros2/build/openvslam -- -j12 -l12
[0.044s] -- Root directory of OpenVSLAM: /home/mirellameelo/openvslam
[0.045s] -- Source directory of OpenVSLAM: /home/mirellameelo/openvslam/src
[0.045s] -- Library directory of OpenVSLAM: /home/mirellameelo/openvslam/build/lib
[0.045s] -- Build type: Release
[0.045s] -- Address/Memory sanitizer: DISABLED
[0.045s] -- Stack trace logger: DISABLED
[0.045s] -- Google Perftools: DISABLED
[0.045s] -- Architecture-aware optimization (-march=native): DISABLED
[0.046s] -- C++11 support: OK (-std=c++17)
[0.047s] -- Found ament_cmake: 0.7.4 (/opt/ros/dashing/share/ament_cmake/cmake)
[0.080s] -- Using PYTHON_EXECUTABLE: /usr/bin/python3
[0.238s] -- Override CMake install command with custom implementation using symlinks instead of copying resources
[0.249s] -- Found rclcpp: 0.7.13 (/opt/ros/dashing/share/rclcpp/cmake)
[0.265s] -- Found rosidl_adapter: 0.7.9 (/opt/ros/dashing/share/rosidl_adapter/cmake)
[0.295s] -- Found rmw_implementation_cmake: 0.7.2 (/opt/ros/dashing/share/rmw_implementation_cmake/cmake)
[0.297s] -- Using RMW implementation 'rmw_fastrtps_cpp' as default
[0.323s] -- Found cv_bridge: 2.1.3 (/home/mirellameelo/ws/vision_opencv/install/cv_bridge/share/cv_bridge/cmake)
[0.331s] -- Found image_transport: 2.1.1 (/home/mirellameelo/ws/image_common-dashing/install/image_transport/share/image_transport/cmake)
[0.369s] -- Found tinyxml2_vendor:  (/opt/ros/dashing/share/tinyxml2_vendor/cmake)
[0.381s] -- Found poco_vendor:  (/opt/ros/dashing/share/poco_vendor/cmake)
[0.389s] -- Found nav_msgs: 0.7.0 (/opt/ros/dashing/share/nav_msgs/cmake)
[0.401s] -- Found tf2_ros: 0.11.6 (/opt/ros/dashing/share/tf2_ros/cmake)
[0.451s] -- Use OpenCV 3.4.0
[0.455s] -- BoW framework: DBoW2 (found in /usr/local/include)
[0.457s] -- Viewer for examples: pangolin viewer
[0.625s] -- Configuring done
[0.691s] -- Generating done
[0.693s] -- Build files have been written to: /home/mirellameelo/openvslam/ros2/build/openvslam
[0.719s] [35m[1mScanning dependencies of target run_localization[0m
[0.745s] [ 25%] [32m[1mLinking CXX executable run_slam[0m
[0.777s] [ 50%] [32mBuilding CXX object src/CMakeFiles/run_localization.dir/run_localization.cc.o[0m
[1.424s] [ 75%] Built target run_slam
[3.675s] [01m[K/home/mirellameelo/openvslam/ros2/src/openvslam/src/run_localization.cc:[m[K In lambda function:
[3.675s] [01m[K/home/mirellameelo/openvslam/ros2/src/openvslam/src/run_localization.cc:92:29:[m[K [01;35m[Kwarning: [m[Kvariable ‘[01m[Krotation_matrix[m[K’ set but not used [[01;35m[K-Wunused-but-set-variable[m[K]
[3.675s]              Eigen::Matrix3d [01;35m[Krotation_matrix[m[K = cam_pose_.block(0, 0, 3, 3);
[3.676s]                              [01;35m[K^~~~~~~~~~~~~~~[m[K
[3.676s] [01m[K/home/mirellameelo/openvslam/ros2/src/openvslam/src/run_localization.cc:94:29:[m[K [01;35m[Kwarning: [m[Kvariable ‘[01m[Ktranslation_vector[m[K’ set but not used [[01;35m[K-Wunused-but-set-variable[m[K]
[3.676s]              Eigen::Vector3d [01;35m[Ktranslation_vector[m[K = cam_pose_.block(0, 3, 3, 1);
[3.676s]                              [01;35m[K^~~~~~~~~~~~~~~~~~[m[K
[8.954s] [100%] [32m[1mLinking CXX executable run_localization[0m
[9.429s] [100%] Built target run_localization
[9.439s] Invoked command in '/home/mirellameelo/openvslam/ros2/build/openvslam' returned '0': CMAKE_PREFIX_PATH=${CMAKE_PREFIX_PATH}:/home/mirellameelo/ws/vision_opencv/install/opencv_tests:/opt/ros/dashing /usr/bin/cmake --build /home/mirellameelo/openvslam/ros2/build/openvslam -- -j12 -l12
[9.455s] Invoking command in '/home/mirellameelo/openvslam/ros2/build/openvslam': CMAKE_PREFIX_PATH=${CMAKE_PREFIX_PATH}:/home/mirellameelo/ws/vision_opencv/install/opencv_tests:/opt/ros/dashing /usr/bin/cmake --build /home/mirellameelo/openvslam/ros2/build/openvslam --target install -- -j12 -l12
[9.512s] [ 50%] Built target run_localization
[9.513s] [100%] Built target run_slam
[9.527s] [36mInstall the project...[0m
[9.534s] -- Install configuration: "Release"
[9.534s] -- Execute custom install script
[9.535s] -- Up-to-date symlink: /home/mirellameelo/openvslam/ros2/install/openvslam/lib/openvslam/run_slam
[9.535s] -- Up-to-date symlink: /home/mirellameelo/openvslam/ros2/install/openvslam/lib/openvslam/run_localization
[9.535s] -- Up-to-date symlink: /home/mirellameelo/openvslam/ros2/install/openvslam/lib/openvslam/run_slam
[9.535s] -- Up-to-date symlink: /home/mirellameelo/openvslam/ros2/install/openvslam/lib/openvslam/run_localization
[9.536s] -- Up-to-date symlink: /home/mirellameelo/openvslam/ros2/install/openvslam/share/ament_index/resource_index/package_run_dependencies/openvslam
[9.536s] -- Up-to-date symlink: /home/mirellameelo/openvslam/ros2/install/openvslam/share/ament_index/resource_index/parent_prefix_path/openvslam
[9.536s] -- Up-to-date symlink: /home/mirellameelo/openvslam/ros2/install/openvslam/share/openvslam/environment/ament_prefix_path.sh
[9.536s] -- Up-to-date symlink: /home/mirellameelo/openvslam/ros2/install/openvslam/share/openvslam/environment/path.sh
[9.537s] -- Up-to-date symlink: /home/mirellameelo/openvslam/ros2/install/openvslam/share/openvslam/local_setup.bash
[9.537s] -- Up-to-date symlink: /home/mirellameelo/openvslam/ros2/install/openvslam/share/openvslam/local_setup.sh
[9.537s] -- Up-to-date symlink: /home/mirellameelo/openvslam/ros2/install/openvslam/share/openvslam/local_setup.zsh
[9.537s] -- Up-to-date symlink: /home/mirellameelo/openvslam/ros2/install/openvslam/share/ament_index/resource_index/packages/openvslam
[9.537s] -- Up-to-date symlink: /home/mirellameelo/openvslam/ros2/install/openvslam/share/openvslam/cmake/openvslamConfig.cmake
[9.538s] -- Up-to-date symlink: /home/mirellameelo/openvslam/ros2/install/openvslam/share/openvslam/cmake/openvslamConfig-version.cmake
[9.538s] -- Up-to-date symlink: /home/mirellameelo/openvslam/ros2/install/openvslam/share/openvslam/package.xml
[9.541s] Invoked command in '/home/mirellameelo/openvslam/ros2/build/openvslam' returned '0': CMAKE_PREFIX_PATH=${CMAKE_PREFIX_PATH}:/home/mirellameelo/ws/vision_opencv/install/opencv_tests:/opt/ros/dashing /usr/bin/cmake --build /home/mirellameelo/openvslam/ros2/build/openvslam --target install -- -j12 -l12
