[0.014s] Invoking command in '/home/mirellameelo/openvslam/ros2/build/publisher': CMAKE_PREFIX_PATH=${CMAKE_PREFIX_PATH}:/home/mirellameelo/ws/vision_opencv/install/opencv_tests:/opt/ros/dashing /usr/bin/cmake --build /home/mirellameelo/openvslam/ros2/build/publisher -- -j12 -l12
[0.087s] [ 40%] Built target video_publisher
[0.087s] [100%] Built target image_publisher
[0.103s] Invoked command in '/home/mirellameelo/openvslam/ros2/build/publisher' returned '0': CMAKE_PREFIX_PATH=${CMAKE_PREFIX_PATH}:/home/mirellameelo/ws/vision_opencv/install/opencv_tests:/opt/ros/dashing /usr/bin/cmake --build /home/mirellameelo/openvslam/ros2/build/publisher -- -j12 -l12
[0.136s] Invoking command in '/home/mirellameelo/openvslam/ros2/build/publisher': CMAKE_PREFIX_PATH=${CMAKE_PREFIX_PATH}:/home/mirellameelo/ws/vision_opencv/install/opencv_tests:/opt/ros/dashing /usr/bin/cmake --build /home/mirellameelo/openvslam/ros2/build/publisher --target install -- -j12 -l12
[0.201s] [ 40%] Built target video_publisher
[0.206s] [100%] Built target image_publisher
[0.224s] [36mInstall the project...[0m
[0.232s] -- Install configuration: "Release"
[0.233s] -- Execute custom install script
[0.233s] -- Up-to-date symlink: /home/mirellameelo/openvslam/ros2/install/publisher/lib/publisher/video
[0.234s] -- Up-to-date symlink: /home/mirellameelo/openvslam/ros2/install/publisher/lib/publisher/image
[0.234s] -- Up-to-date symlink: /home/mirellameelo/openvslam/ros2/install/publisher/share/ament_index/resource_index/package_run_dependencies/publisher
[0.235s] -- Up-to-date symlink: /home/mirellameelo/openvslam/ros2/install/publisher/share/ament_index/resource_index/parent_prefix_path/publisher
[0.235s] -- Up-to-date symlink: /home/mirellameelo/openvslam/ros2/install/publisher/share/publisher/environment/ament_prefix_path.sh
[0.235s] -- Up-to-date symlink: /home/mirellameelo/openvslam/ros2/install/publisher/share/publisher/environment/path.sh
[0.236s] -- Up-to-date symlink: /home/mirellameelo/openvslam/ros2/install/publisher/share/publisher/local_setup.bash
[0.236s] -- Up-to-date symlink: /home/mirellameelo/openvslam/ros2/install/publisher/share/publisher/local_setup.sh
[0.236s] -- Up-to-date symlink: /home/mirellameelo/openvslam/ros2/install/publisher/share/publisher/local_setup.zsh
[0.237s] -- Up-to-date symlink: /home/mirellameelo/openvslam/ros2/install/publisher/share/ament_index/resource_index/packages/publisher
[0.237s] -- Up-to-date symlink: /home/mirellameelo/openvslam/ros2/install/publisher/share/publisher/cmake/publisherConfig.cmake
[0.237s] -- Up-to-date symlink: /home/mirellameelo/openvslam/ros2/install/publisher/share/publisher/cmake/publisherConfig-version.cmake
[0.238s] -- Up-to-date symlink: /home/mirellameelo/openvslam/ros2/install/publisher/share/publisher/package.xml
[0.241s] Invoked command in '/home/mirellameelo/openvslam/ros2/build/publisher' returned '0': CMAKE_PREFIX_PATH=${CMAKE_PREFIX_PATH}:/home/mirellameelo/ws/vision_opencv/install/opencv_tests:/opt/ros/dashing /usr/bin/cmake --build /home/mirellameelo/openvslam/ros2/build/publisher --target install -- -j12 -l12
