[0.068s] [35m[1mScanning dependencies of target run_pose[0m
[0.099s] [ 16%] [32mBuilding CXX object src/CMakeFiles/run_pose.dir/run_pose.cc.o[0m
[0.104s] [ 50%] Built target run_localization
[0.105s] [ 83%] Built target run_slam
[1.992s] [100%] [32m[1mLinking CXX executable run_pose[0m
[2.158s] [100%] Built target run_pose
[2.252s] [ 33%] Built target run_pose
[2.258s] [ 66%] Built target run_localization
[2.263s] [100%] Built target run_slam
[2.279s] [36mInstall the project...[0m
[2.287s] -- Install configuration: "Release"
[2.287s] -- Execute custom install script
[2.288s] -- Up-to-date symlink: /home/mirellameelo/openvslam/ros2/install/openvslam/lib/openvslam/run_slam
[2.288s] -- Up-to-date symlink: /home/mirellameelo/openvslam/ros2/install/openvslam/lib/openvslam/run_localization
[2.288s] -- Symlinking: /home/mirellameelo/openvslam/ros2/install/openvslam/lib/openvslam/run_pose
[2.297s] -- Up-to-date symlink: /home/mirellameelo/openvslam/ros2/install/openvslam/lib/openvslam/run_slam
[2.297s] -- Up-to-date symlink: /home/mirellameelo/openvslam/ros2/install/openvslam/lib/openvslam/run_localization
[2.297s] -- Up-to-date symlink: /home/mirellameelo/openvslam/ros2/install/openvslam/share/ament_index/resource_index/package_run_dependencies/openvslam
[2.297s] -- Up-to-date symlink: /home/mirellameelo/openvslam/ros2/install/openvslam/share/ament_index/resource_index/parent_prefix_path/openvslam
[2.298s] -- Up-to-date symlink: /home/mirellameelo/openvslam/ros2/install/openvslam/share/openvslam/environment/ament_prefix_path.sh
[2.298s] -- Up-to-date symlink: /home/mirellameelo/openvslam/ros2/install/openvslam/share/openvslam/environment/path.sh
[2.298s] -- Up-to-date symlink: /home/mirellameelo/openvslam/ros2/install/openvslam/share/openvslam/local_setup.bash
[2.298s] -- Up-to-date symlink: /home/mirellameelo/openvslam/ros2/install/openvslam/share/openvslam/local_setup.sh
[2.299s] -- Up-to-date symlink: /home/mirellameelo/openvslam/ros2/install/openvslam/share/openvslam/local_setup.zsh
[2.299s] -- Up-to-date symlink: /home/mirellameelo/openvslam/ros2/install/openvslam/share/ament_index/resource_index/packages/openvslam
[2.299s] -- Up-to-date symlink: /home/mirellameelo/openvslam/ros2/install/openvslam/share/openvslam/cmake/openvslamConfig.cmake
[2.299s] -- Up-to-date symlink: /home/mirellameelo/openvslam/ros2/install/openvslam/share/openvslam/cmake/openvslamConfig-version.cmake
[2.300s] -- Up-to-date symlink: /home/mirellameelo/openvslam/ros2/install/openvslam/share/openvslam/package.xml
