[0.044s] -- Root directory of OpenVSLAM: /home/mirellameelo/openvslam
[0.044s] -- Source directory of OpenVSLAM: /home/mirellameelo/openvslam/src
[0.044s] -- Library directory of OpenVSLAM: /home/mirellameelo/openvslam/build/lib
[0.044s] -- Build type: Release
[0.044s] -- Address/Memory sanitizer: DISABLED
[0.044s] -- Stack trace logger: DISABLED
[0.044s] -- Google Perftools: DISABLED
[0.044s] -- Architecture-aware optimization (-march=native): DISABLED
[0.044s] -- C++11 support: OK (-std=c++17)
[0.045s] -- Found ament_cmake: 0.7.4 (/opt/ros/dashing/share/ament_cmake/cmake)
[0.079s] -- Using PYTHON_EXECUTABLE: /usr/bin/python3
[0.263s] -- Override CMake install command with custom implementation using symlinks instead of copying resources
[0.268s] -- Found rclcpp: 0.7.13 (/opt/ros/dashing/share/rclcpp/cmake)
[0.278s] -- Found rosidl_adapter: 0.7.9 (/opt/ros/dashing/share/rosidl_adapter/cmake)
[0.303s] -- Found rmw_implementation_cmake: 0.7.2 (/opt/ros/dashing/share/rmw_implementation_cmake/cmake)
[0.304s] -- Using RMW implementation 'rmw_fastrtps_cpp' as default
[0.324s] -- Found cv_bridge: 2.1.3 (/home/mirellameelo/ws/vision_opencv/install/cv_bridge/share/cv_bridge/cmake)
[0.330s] -- Found image_transport: 2.1.1 (/home/mirellameelo/ws/image_common-dashing/install/image_transport/share/image_transport/cmake)
[0.362s] -- Found tinyxml2_vendor:  (/opt/ros/dashing/share/tinyxml2_vendor/cmake)
[0.370s] -- Found poco_vendor:  (/opt/ros/dashing/share/poco_vendor/cmake)
[0.379s] -- Use OpenCV 3.4.0
[0.381s] -- BoW framework: DBoW2 (found in /usr/local/include)
[0.382s] -- Viewer for examples: pangolin viewer
[0.468s] -- Configuring done
[0.507s] -- Generating done
[0.508s] -- Build files have been written to: /home/mirellameelo/openvslam/ros2/build/openvslam
[0.557s] [ 25%] [32m[1mLinking CXX executable run_localization[0m
[0.557s] [ 50%] [32m[1mLinking CXX executable run_slam[0m
[1.144s] src/CMakeFiles/run_localization.dir/build.make:374: recipe for target 'src/run_localization' failed
[1.144s] CMakeFiles/Makefile2:156: recipe for target 'src/CMakeFiles/run_localization.dir/all' failed
[1.144s] src/CMakeFiles/run_slam.dir/build.make:374: recipe for target 'src/run_slam' failed
[1.145s] CMakeFiles/Makefile2:119: recipe for target 'src/CMakeFiles/run_slam.dir/all' failed
[1.145s] Makefile:140: recipe for target 'all' failed
