[0.118s] DEBUG:colcon:Command line arguments: ['/usr/bin/colcon', 'build', '--symlink-install']
[0.118s] DEBUG:colcon:Parsed command line arguments: Namespace(ament_cmake_args=None, base_paths=['.'], build_base='build', catkin_cmake_args=None, catkin_skip_building_tests=False, cmake_args=None, cmake_clean_cache=False, cmake_clean_first=False, cmake_force_configure=False, cmake_target=None, cmake_target_skip_unavailable=False, continue_on_error=False, event_handlers=None, executor='parallel', ignore_user_meta=False, install_base='install', log_base=None, log_level=None, main=<bound method BuildVerb.main of <colcon_core.verb.build.BuildVerb object at 0x7f1b0ebf2e10>>, merge_install=False, metas=['./colcon.meta'], packages_above=None, packages_above_depth=None, packages_end=None, packages_ignore=None, packages_ignore_regex=None, packages_select=None, packages_select_build_failed=False, packages_select_by_dep=None, packages_select_regex=None, packages_select_test_failures=False, packages_skip=None, packages_skip_build_finished=False, packages_skip_by_dep=None, packages_skip_regex=None, packages_skip_test_passed=False, packages_skip_up_to=None, packages_start=None, packages_up_to=None, parallel_workers=12, paths=None, symlink_install=True, test_result_base=None, verb_extension=<colcon_core.verb.build.BuildVerb object at 0x7f1b0ebf2e10>, verb_name='build', verb_parser=<colcon_defaults.argument_parser.defaults.DefaultArgumentsDecorator object at 0x7f1b0ec01128>)
[0.149s] Level 1:colcon.colcon_core.package_discovery:discover_packages(colcon_meta) check parameters
[0.149s] Level 1:colcon.colcon_core.package_discovery:discover_packages(recursive) check parameters
[0.149s] Level 1:colcon.colcon_core.package_discovery:discover_packages(ignore) check parameters
[0.149s] Level 1:colcon.colcon_core.package_discovery:discover_packages(path) check parameters
[0.149s] Level 1:colcon.colcon_core.package_discovery:discover_packages(colcon_meta) discover
[0.150s] Level 1:colcon.colcon_core.package_discovery:discover_packages(recursive) discover
[0.150s] INFO:colcon.colcon_core.package_discovery:Crawling recursively for packages in '/home/mirellameelo/ws/image_common-dashing'
[0.150s] Level 1:colcon.colcon_core.package_identification:_identify(.) by extensions ['ignore', 'ignore_ament_install']
[0.150s] Level 1:colcon.colcon_core.package_identification:_identify(.) by extension 'ignore'
[0.150s] Level 1:colcon.colcon_core.package_identification:_identify(.) by extension 'ignore_ament_install'
[0.150s] Level 1:colcon.colcon_core.package_identification:_identify(.) by extensions ['colcon_pkg']
[0.150s] Level 1:colcon.colcon_core.package_identification:_identify(.) by extension 'colcon_pkg'
[0.150s] Level 1:colcon.colcon_core.package_identification:_identify(.) by extensions ['colcon_meta']
[0.150s] Level 1:colcon.colcon_core.package_identification:_identify(.) by extension 'colcon_meta'
[0.150s] Level 1:colcon.colcon_core.package_identification:_identify(.) by extensions ['ros']
[0.150s] Level 1:colcon.colcon_core.package_identification:_identify(.) by extension 'ros'
[0.160s] Level 1:colcon.colcon_core.package_identification:_identify(.) by extensions ['cmake', 'python']
[0.160s] Level 1:colcon.colcon_core.package_identification:_identify(.) by extension 'cmake'
[0.160s] Level 1:colcon.colcon_core.package_identification:_identify(.) by extension 'python'
[0.160s] Level 1:colcon.colcon_core.package_identification:_identify(.) by extensions ['python_setup_py']
[0.160s] Level 1:colcon.colcon_core.package_identification:_identify(.) by extension 'python_setup_py'
[0.160s] Level 1:colcon.colcon_core.package_identification:_identify(build) by extensions ['ignore', 'ignore_ament_install']
[0.160s] Level 1:colcon.colcon_core.package_identification:_identify(build) by extension 'ignore'
[0.160s] Level 1:colcon.colcon_core.package_identification:_identify(build) ignored
[0.161s] Level 1:colcon.colcon_core.package_identification:_identify(camera_calibration_parsers) by extensions ['ignore', 'ignore_ament_install']
[0.161s] Level 1:colcon.colcon_core.package_identification:_identify(camera_calibration_parsers) by extension 'ignore'
[0.161s] Level 1:colcon.colcon_core.package_identification:_identify(camera_calibration_parsers) by extension 'ignore_ament_install'
[0.161s] Level 1:colcon.colcon_core.package_identification:_identify(camera_calibration_parsers) by extensions ['colcon_pkg']
[0.161s] Level 1:colcon.colcon_core.package_identification:_identify(camera_calibration_parsers) by extension 'colcon_pkg'
[0.161s] Level 1:colcon.colcon_core.package_identification:_identify(camera_calibration_parsers) by extensions ['colcon_meta']
[0.161s] Level 1:colcon.colcon_core.package_identification:_identify(camera_calibration_parsers) by extension 'colcon_meta'
[0.161s] Level 1:colcon.colcon_core.package_identification:_identify(camera_calibration_parsers) by extensions ['ros']
[0.161s] Level 1:colcon.colcon_core.package_identification:_identify(camera_calibration_parsers) by extension 'ros'
[0.163s] DEBUG:colcon.colcon_core.package_identification:Package 'camera_calibration_parsers' with type 'ros.ament_cmake' and name 'camera_calibration_parsers'
[0.163s] Level 1:colcon.colcon_core.package_identification:_identify(camera_info_manager) by extensions ['ignore', 'ignore_ament_install']
[0.163s] Level 1:colcon.colcon_core.package_identification:_identify(camera_info_manager) by extension 'ignore'
[0.163s] Level 1:colcon.colcon_core.package_identification:_identify(camera_info_manager) by extension 'ignore_ament_install'
[0.164s] Level 1:colcon.colcon_core.package_identification:_identify(camera_info_manager) by extensions ['colcon_pkg']
[0.164s] Level 1:colcon.colcon_core.package_identification:_identify(camera_info_manager) by extension 'colcon_pkg'
[0.164s] Level 1:colcon.colcon_core.package_identification:_identify(camera_info_manager) by extensions ['colcon_meta']
[0.164s] Level 1:colcon.colcon_core.package_identification:_identify(camera_info_manager) by extension 'colcon_meta'
[0.164s] Level 1:colcon.colcon_core.package_identification:_identify(camera_info_manager) by extensions ['ros']
[0.164s] Level 1:colcon.colcon_core.package_identification:_identify(camera_info_manager) by extension 'ros'
[0.165s] DEBUG:colcon.colcon_core.package_identification:Package 'camera_info_manager' with type 'ros.ament_cmake' and name 'camera_info_manager'
[0.165s] Level 1:colcon.colcon_core.package_identification:_identify(image_common) by extensions ['ignore', 'ignore_ament_install']
[0.165s] Level 1:colcon.colcon_core.package_identification:_identify(image_common) by extension 'ignore'
[0.165s] Level 1:colcon.colcon_core.package_identification:_identify(image_common) ignored
[0.165s] Level 1:colcon.colcon_core.package_identification:_identify(image_transport) by extensions ['ignore', 'ignore_ament_install']
[0.165s] Level 1:colcon.colcon_core.package_identification:_identify(image_transport) by extension 'ignore'
[0.165s] Level 1:colcon.colcon_core.package_identification:_identify(image_transport) by extension 'ignore_ament_install'
[0.165s] Level 1:colcon.colcon_core.package_identification:_identify(image_transport) by extensions ['colcon_pkg']
[0.165s] Level 1:colcon.colcon_core.package_identification:_identify(image_transport) by extension 'colcon_pkg'
[0.165s] Level 1:colcon.colcon_core.package_identification:_identify(image_transport) by extensions ['colcon_meta']
[0.165s] Level 1:colcon.colcon_core.package_identification:_identify(image_transport) by extension 'colcon_meta'
[0.165s] Level 1:colcon.colcon_core.package_identification:_identify(image_transport) by extensions ['ros']
[0.165s] Level 1:colcon.colcon_core.package_identification:_identify(image_transport) by extension 'ros'
[0.166s] DEBUG:colcon.colcon_core.package_identification:Package 'image_transport' with type 'ros.ament_cmake' and name 'image_transport'
[0.166s] Level 1:colcon.colcon_core.package_identification:_identify(install) by extensions ['ignore', 'ignore_ament_install']
[0.166s] Level 1:colcon.colcon_core.package_identification:_identify(install) by extension 'ignore'
[0.166s] Level 1:colcon.colcon_core.package_identification:_identify(install) ignored
[0.166s] Level 1:colcon.colcon_core.package_identification:_identify(log) by extensions ['ignore', 'ignore_ament_install']
[0.167s] Level 1:colcon.colcon_core.package_identification:_identify(log) by extension 'ignore'
[0.167s] Level 1:colcon.colcon_core.package_identification:_identify(log) ignored
[0.167s] Level 1:colcon.colcon_core.package_identification:_identify(polled_camera) by extensions ['ignore', 'ignore_ament_install']
[0.167s] Level 1:colcon.colcon_core.package_identification:_identify(polled_camera) by extension 'ignore'
[0.167s] Level 1:colcon.colcon_core.package_identification:_identify(polled_camera) ignored
[0.167s] Level 1:colcon.colcon_core.package_discovery:discover_packages(recursive) using defaults
[0.167s] Level 1:colcon.colcon_core.package_discovery:discover_packages(ignore) discover
[0.167s] Level 1:colcon.colcon_core.package_discovery:discover_packages(ignore) using defaults
[0.167s] Level 1:colcon.colcon_core.package_discovery:discover_packages(path) discover
[0.167s] Level 1:colcon.colcon_core.package_discovery:discover_packages(path) using defaults
[0.169s] Level 1:colcon.colcon_core.package_augmentation.check_dependency_constraint:camera_info_manager depends on image_transport which has version 2.1.1: constraints {}
[0.169s] Level 1:colcon.colcon_core.package_augmentation.check_dependency_constraint:camera_info_manager depends on camera_calibration_parsers which has version 2.1.1: constraints {}
[0.171s] Level 5:colcon.colcon_core.verb:set package 'camera_calibration_parsers' build argument 'cmake_args' from command line to 'None'
[0.172s] Level 5:colcon.colcon_core.verb:set package 'camera_calibration_parsers' build argument 'cmake_target' from command line to 'None'
[0.172s] Level 5:colcon.colcon_core.verb:set package 'camera_calibration_parsers' build argument 'cmake_target_skip_unavailable' from command line to 'False'
[0.172s] Level 5:colcon.colcon_core.verb:set package 'camera_calibration_parsers' build argument 'cmake_clean_cache' from command line to 'False'
[0.172s] Level 5:colcon.colcon_core.verb:set package 'camera_calibration_parsers' build argument 'cmake_clean_first' from command line to 'False'
[0.172s] Level 5:colcon.colcon_core.verb:set package 'camera_calibration_parsers' build argument 'cmake_force_configure' from command line to 'False'
[0.172s] Level 5:colcon.colcon_core.verb:set package 'camera_calibration_parsers' build argument 'ament_cmake_args' from command line to 'None'
[0.172s] Level 5:colcon.colcon_core.verb:set package 'camera_calibration_parsers' build argument 'catkin_cmake_args' from command line to 'None'
[0.172s] Level 5:colcon.colcon_core.verb:set package 'camera_calibration_parsers' build argument 'catkin_skip_building_tests' from command line to 'False'
[0.172s] DEBUG:colcon.colcon_core.verb:Building package 'camera_calibration_parsers' with the following arguments: {'ament_cmake_args': None, 'build_base': '/home/mirellameelo/ws/image_common-dashing/build/camera_calibration_parsers', 'catkin_cmake_args': None, 'catkin_skip_building_tests': False, 'cmake_args': None, 'cmake_clean_cache': False, 'cmake_clean_first': False, 'cmake_force_configure': False, 'cmake_target': None, 'cmake_target_skip_unavailable': False, 'install_base': '/home/mirellameelo/ws/image_common-dashing/install/camera_calibration_parsers', 'merge_install': False, 'path': '/home/mirellameelo/ws/image_common-dashing/camera_calibration_parsers', 'symlink_install': True, 'test_result_base': None}
[0.174s] Level 5:colcon.colcon_core.verb:set package 'image_transport' build argument 'cmake_args' from command line to 'None'
[0.174s] Level 5:colcon.colcon_core.verb:set package 'image_transport' build argument 'cmake_target' from command line to 'None'
[0.174s] Level 5:colcon.colcon_core.verb:set package 'image_transport' build argument 'cmake_target_skip_unavailable' from command line to 'False'
[0.174s] Level 5:colcon.colcon_core.verb:set package 'image_transport' build argument 'cmake_clean_cache' from command line to 'False'
[0.174s] Level 5:colcon.colcon_core.verb:set package 'image_transport' build argument 'cmake_clean_first' from command line to 'False'
[0.174s] Level 5:colcon.colcon_core.verb:set package 'image_transport' build argument 'cmake_force_configure' from command line to 'False'
[0.174s] Level 5:colcon.colcon_core.verb:set package 'image_transport' build argument 'ament_cmake_args' from command line to 'None'
[0.174s] Level 5:colcon.colcon_core.verb:set package 'image_transport' build argument 'catkin_cmake_args' from command line to 'None'
[0.174s] Level 5:colcon.colcon_core.verb:set package 'image_transport' build argument 'catkin_skip_building_tests' from command line to 'False'
[0.174s] DEBUG:colcon.colcon_core.verb:Building package 'image_transport' with the following arguments: {'ament_cmake_args': None, 'build_base': '/home/mirellameelo/ws/image_common-dashing/build/image_transport', 'catkin_cmake_args': None, 'catkin_skip_building_tests': False, 'cmake_args': None, 'cmake_clean_cache': False, 'cmake_clean_first': False, 'cmake_force_configure': False, 'cmake_target': None, 'cmake_target_skip_unavailable': False, 'install_base': '/home/mirellameelo/ws/image_common-dashing/install/image_transport', 'merge_install': False, 'path': '/home/mirellameelo/ws/image_common-dashing/image_transport', 'symlink_install': True, 'test_result_base': None}
[0.176s] Level 5:colcon.colcon_core.verb:set package 'camera_info_manager' build argument 'cmake_args' from command line to 'None'
[0.176s] Level 5:colcon.colcon_core.verb:set package 'camera_info_manager' build argument 'cmake_target' from command line to 'None'
[0.176s] Level 5:colcon.colcon_core.verb:set package 'camera_info_manager' build argument 'cmake_target_skip_unavailable' from command line to 'False'
[0.176s] Level 5:colcon.colcon_core.verb:set package 'camera_info_manager' build argument 'cmake_clean_cache' from command line to 'False'
[0.176s] Level 5:colcon.colcon_core.verb:set package 'camera_info_manager' build argument 'cmake_clean_first' from command line to 'False'
[0.176s] Level 5:colcon.colcon_core.verb:set package 'camera_info_manager' build argument 'cmake_force_configure' from command line to 'False'
[0.176s] Level 5:colcon.colcon_core.verb:set package 'camera_info_manager' build argument 'ament_cmake_args' from command line to 'None'
[0.176s] Level 5:colcon.colcon_core.verb:set package 'camera_info_manager' build argument 'catkin_cmake_args' from command line to 'None'
[0.176s] Level 5:colcon.colcon_core.verb:set package 'camera_info_manager' build argument 'catkin_skip_building_tests' from command line to 'False'
[0.176s] DEBUG:colcon.colcon_core.verb:Building package 'camera_info_manager' with the following arguments: {'ament_cmake_args': None, 'build_base': '/home/mirellameelo/ws/image_common-dashing/build/camera_info_manager', 'catkin_cmake_args': None, 'catkin_skip_building_tests': False, 'cmake_args': None, 'cmake_clean_cache': False, 'cmake_clean_first': False, 'cmake_force_configure': False, 'cmake_target': None, 'cmake_target_skip_unavailable': False, 'install_base': '/home/mirellameelo/ws/image_common-dashing/install/camera_info_manager', 'merge_install': False, 'path': '/home/mirellameelo/ws/image_common-dashing/camera_info_manager', 'symlink_install': True, 'test_result_base': None}
[0.177s] INFO:colcon.colcon_core.executor:Executing jobs using 'parallel' executor
[0.178s] DEBUG:colcon.colcon_parallel_executor.executor.parallel:run_until_complete
[0.178s] INFO:colcon.colcon_ros.task.ament_cmake.build:Building ROS package in '/home/mirellameelo/ws/image_common-dashing/camera_calibration_parsers' with build type 'ament_cmake'
[0.181s] INFO:colcon.colcon_core.plugin_system:Skipping extension 'colcon_core.shell.bat': Not used on non-Windows systems
[0.181s] INFO:colcon.colcon_cmake.task.cmake.build:Building CMake package in '/home/mirellameelo/ws/image_common-dashing/camera_calibration_parsers'
[0.182s] INFO:colcon.colcon_core.shell:Skip shell extension 'powershell' for command environment: Not usable outside of PowerShell
[0.182s] DEBUG:colcon.colcon_core.shell:Skip shell extension 'dsv' for command environment
[0.184s] DEBUG:colcon.colcon_core.shell:Ignoring prefix path '/opt/ros/dashing'
[0.185s] INFO:colcon.colcon_ros.task.ament_cmake.build:Building ROS package in '/home/mirellameelo/ws/image_common-dashing/image_transport' with build type 'ament_cmake'
[0.186s] INFO:colcon.colcon_cmake.task.cmake.build:Building CMake package in '/home/mirellameelo/ws/image_common-dashing/image_transport'
[0.187s] INFO:colcon.colcon_core.shell:Skip shell extension 'powershell' for command environment: Not usable outside of PowerShell
[0.187s] DEBUG:colcon.colcon_core.shell:Skip shell extension 'dsv' for command environment
[0.188s] DEBUG:colcon.colcon_core.shell:Ignoring prefix path '/opt/ros/dashing'
[0.194s] DEBUG:colcon.colcon_core.event_handler.log_command:Invoking command in '/home/mirellameelo/ws/image_common-dashing/build/camera_calibration_parsers': CMAKE_PREFIX_PATH=/opt/ros/dashing /usr/bin/cmake /home/mirellameelo/ws/image_common-dashing/camera_calibration_parsers -DAMENT_CMAKE_SYMLINK_INSTALL=1 -DCMAKE_INSTALL_PREFIX=/home/mirellameelo/ws/image_common-dashing/install/camera_calibration_parsers
[0.199s] DEBUG:colcon.colcon_core.event_handler.log_command:Invoking command in '/home/mirellameelo/ws/image_common-dashing/build/image_transport': CMAKE_PREFIX_PATH=/opt/ros/dashing /usr/bin/cmake /home/mirellameelo/ws/image_common-dashing/image_transport -DAMENT_CMAKE_SYMLINK_INSTALL=1 -DCMAKE_INSTALL_PREFIX=/home/mirellameelo/ws/image_common-dashing/install/image_transport
[1.792s] DEBUG:colcon.colcon_core.event_handler.log_command:Invoked command in '/home/mirellameelo/ws/image_common-dashing/build/camera_calibration_parsers' returned '0': CMAKE_PREFIX_PATH=/opt/ros/dashing /usr/bin/cmake /home/mirellameelo/ws/image_common-dashing/camera_calibration_parsers -DAMENT_CMAKE_SYMLINK_INSTALL=1 -DCMAKE_INSTALL_PREFIX=/home/mirellameelo/ws/image_common-dashing/install/camera_calibration_parsers
[1.793s] DEBUG:colcon.colcon_core.event_handler.log_command:Invoking command in '/home/mirellameelo/ws/image_common-dashing/build/camera_calibration_parsers': CMAKE_PREFIX_PATH=/opt/ros/dashing /usr/bin/cmake --build /home/mirellameelo/ws/image_common-dashing/build/camera_calibration_parsers -- -j12 -l12
[1.877s] DEBUG:colcon.colcon_core.event_handler.log_command:Invoked command in '/home/mirellameelo/ws/image_common-dashing/build/image_transport' returned '0': CMAKE_PREFIX_PATH=/opt/ros/dashing /usr/bin/cmake /home/mirellameelo/ws/image_common-dashing/image_transport -DAMENT_CMAKE_SYMLINK_INSTALL=1 -DCMAKE_INSTALL_PREFIX=/home/mirellameelo/ws/image_common-dashing/install/image_transport
[1.878s] DEBUG:colcon.colcon_core.event_handler.log_command:Invoking command in '/home/mirellameelo/ws/image_common-dashing/build/image_transport': CMAKE_PREFIX_PATH=/opt/ros/dashing /usr/bin/cmake --build /home/mirellameelo/ws/image_common-dashing/build/image_transport -- -j12 -l12
[8.228s] DEBUG:colcon.colcon_core.event_handler.log_command:Invoked command in '/home/mirellameelo/ws/image_common-dashing/build/camera_calibration_parsers' returned '0': CMAKE_PREFIX_PATH=/opt/ros/dashing /usr/bin/cmake --build /home/mirellameelo/ws/image_common-dashing/build/camera_calibration_parsers -- -j12 -l12
[8.262s] DEBUG:colcon.colcon_core.event_handler.log_command:Invoking command in '/home/mirellameelo/ws/image_common-dashing/build/camera_calibration_parsers': CMAKE_PREFIX_PATH=/opt/ros/dashing /usr/bin/cmake --build /home/mirellameelo/ws/image_common-dashing/build/camera_calibration_parsers --target install -- -j12 -l12
[8.561s] Level 1:colcon.colcon_core.environment:create_environment_scripts_only(camera_calibration_parsers)
[8.562s] DEBUG:colcon.colcon_core.event_handler.log_command:Invoked command in '/home/mirellameelo/ws/image_common-dashing/build/camera_calibration_parsers' returned '0': CMAKE_PREFIX_PATH=/opt/ros/dashing /usr/bin/cmake --build /home/mirellameelo/ws/image_common-dashing/build/camera_calibration_parsers --target install -- -j12 -l12
[8.565s] Level 1:colcon.colcon_core.environment:checking '/home/mirellameelo/ws/image_common-dashing/install/camera_calibration_parsers' for CMake module files
[8.565s] Level 1:colcon.colcon_core.environment:checking '/home/mirellameelo/ws/image_common-dashing/install/camera_calibration_parsers' for CMake config files
[8.566s] Level 1:colcon.colcon_core.shell:create_environment_hook('camera_calibration_parsers', 'cmake_prefix_path')
[8.566s] INFO:colcon.colcon_core.shell:Creating environment hook '/home/mirellameelo/ws/image_common-dashing/install/camera_calibration_parsers/share/camera_calibration_parsers/hook/cmake_prefix_path.ps1'
[8.567s] INFO:colcon.colcon_core.shell:Creating environment descriptor '/home/mirellameelo/ws/image_common-dashing/install/camera_calibration_parsers/share/camera_calibration_parsers/hook/cmake_prefix_path.dsv'
[8.567s] INFO:colcon.colcon_core.shell:Creating environment hook '/home/mirellameelo/ws/image_common-dashing/install/camera_calibration_parsers/share/camera_calibration_parsers/hook/cmake_prefix_path.sh'
[8.568s] Level 1:colcon.colcon_core.environment:checking '/home/mirellameelo/ws/image_common-dashing/install/camera_calibration_parsers/lib'
[8.569s] Level 1:colcon.colcon_core.shell:create_environment_hook('camera_calibration_parsers', 'ld_library_path_lib')
[8.569s] INFO:colcon.colcon_core.shell:Creating environment hook '/home/mirellameelo/ws/image_common-dashing/install/camera_calibration_parsers/share/camera_calibration_parsers/hook/ld_library_path_lib.ps1'
[8.569s] INFO:colcon.colcon_core.shell:Creating environment descriptor '/home/mirellameelo/ws/image_common-dashing/install/camera_calibration_parsers/share/camera_calibration_parsers/hook/ld_library_path_lib.dsv'
[8.570s] INFO:colcon.colcon_core.shell:Creating environment hook '/home/mirellameelo/ws/image_common-dashing/install/camera_calibration_parsers/share/camera_calibration_parsers/hook/ld_library_path_lib.sh'
[8.570s] Level 1:colcon.colcon_core.environment:checking '/home/mirellameelo/ws/image_common-dashing/install/camera_calibration_parsers/bin'
[8.570s] Level 1:colcon.colcon_core.environment:checking '/home/mirellameelo/ws/image_common-dashing/install/camera_calibration_parsers/lib/pkgconfig/camera_calibration_parsers.pc'
[8.570s] Level 1:colcon.colcon_core.environment:checking '/home/mirellameelo/ws/image_common-dashing/install/camera_calibration_parsers/lib/python3.6/site-packages'
[8.571s] INFO:colcon.colcon_core.shell:Creating package script '/home/mirellameelo/ws/image_common-dashing/install/camera_calibration_parsers/share/camera_calibration_parsers/package.ps1'
[8.572s] INFO:colcon.colcon_core.shell:Creating package descriptor '/home/mirellameelo/ws/image_common-dashing/install/camera_calibration_parsers/share/camera_calibration_parsers/package.dsv'
[8.572s] INFO:colcon.colcon_core.shell:Creating package script '/home/mirellameelo/ws/image_common-dashing/install/camera_calibration_parsers/share/camera_calibration_parsers/package.sh'
[8.582s] INFO:colcon.colcon_core.shell:Creating package script '/home/mirellameelo/ws/image_common-dashing/install/camera_calibration_parsers/share/camera_calibration_parsers/package.bash'
[8.583s] INFO:colcon.colcon_core.shell:Creating package script '/home/mirellameelo/ws/image_common-dashing/install/camera_calibration_parsers/share/camera_calibration_parsers/package.zsh'
[8.583s] Level 1:colcon.colcon_core.environment:create_file_with_runtime_dependencies(/home/mirellameelo/ws/image_common-dashing/install/camera_calibration_parsers/share/colcon-core/packages/camera_calibration_parsers)
[14.713s] DEBUG:colcon.colcon_core.event_handler.log_command:Invoked command in '/home/mirellameelo/ws/image_common-dashing/build/image_transport' returned '0': CMAKE_PREFIX_PATH=/opt/ros/dashing /usr/bin/cmake --build /home/mirellameelo/ws/image_common-dashing/build/image_transport -- -j12 -l12
[14.753s] DEBUG:colcon.colcon_core.event_handler.log_command:Invoking command in '/home/mirellameelo/ws/image_common-dashing/build/image_transport': CMAKE_PREFIX_PATH=/opt/ros/dashing /usr/bin/cmake --build /home/mirellameelo/ws/image_common-dashing/build/image_transport --target install -- -j12 -l12
[15.146s] Level 1:colcon.colcon_core.environment:create_environment_scripts_only(image_transport)
[15.146s] DEBUG:colcon.colcon_core.event_handler.log_command:Invoked command in '/home/mirellameelo/ws/image_common-dashing/build/image_transport' returned '0': CMAKE_PREFIX_PATH=/opt/ros/dashing /usr/bin/cmake --build /home/mirellameelo/ws/image_common-dashing/build/image_transport --target install -- -j12 -l12
[15.147s] Level 1:colcon.colcon_core.environment:checking '/home/mirellameelo/ws/image_common-dashing/install/image_transport' for CMake module files
[15.148s] Level 1:colcon.colcon_core.environment:checking '/home/mirellameelo/ws/image_common-dashing/install/image_transport' for CMake config files
[15.148s] Level 1:colcon.colcon_core.shell:create_environment_hook('image_transport', 'cmake_prefix_path')
[15.148s] INFO:colcon.colcon_core.shell:Creating environment hook '/home/mirellameelo/ws/image_common-dashing/install/image_transport/share/image_transport/hook/cmake_prefix_path.ps1'
[15.149s] INFO:colcon.colcon_core.shell:Creating environment descriptor '/home/mirellameelo/ws/image_common-dashing/install/image_transport/share/image_transport/hook/cmake_prefix_path.dsv'
[15.149s] INFO:colcon.colcon_core.shell:Creating environment hook '/home/mirellameelo/ws/image_common-dashing/install/image_transport/share/image_transport/hook/cmake_prefix_path.sh'
[15.150s] Level 1:colcon.colcon_core.environment:checking '/home/mirellameelo/ws/image_common-dashing/install/image_transport/lib'
[15.150s] Level 1:colcon.colcon_core.shell:create_environment_hook('image_transport', 'ld_library_path_lib')
[15.150s] INFO:colcon.colcon_core.shell:Creating environment hook '/home/mirellameelo/ws/image_common-dashing/install/image_transport/share/image_transport/hook/ld_library_path_lib.ps1'
[15.151s] INFO:colcon.colcon_core.shell:Creating environment descriptor '/home/mirellameelo/ws/image_common-dashing/install/image_transport/share/image_transport/hook/ld_library_path_lib.dsv'
[15.151s] INFO:colcon.colcon_core.shell:Creating environment hook '/home/mirellameelo/ws/image_common-dashing/install/image_transport/share/image_transport/hook/ld_library_path_lib.sh'
[15.151s] Level 1:colcon.colcon_core.environment:checking '/home/mirellameelo/ws/image_common-dashing/install/image_transport/bin'
[15.151s] Level 1:colcon.colcon_core.environment:checking '/home/mirellameelo/ws/image_common-dashing/install/image_transport/lib/pkgconfig/image_transport.pc'
[15.151s] Level 1:colcon.colcon_core.environment:checking '/home/mirellameelo/ws/image_common-dashing/install/image_transport/lib/python3.6/site-packages'
[15.152s] INFO:colcon.colcon_core.shell:Creating package script '/home/mirellameelo/ws/image_common-dashing/install/image_transport/share/image_transport/package.ps1'
[15.152s] INFO:colcon.colcon_core.shell:Creating package descriptor '/home/mirellameelo/ws/image_common-dashing/install/image_transport/share/image_transport/package.dsv'
[15.153s] INFO:colcon.colcon_core.shell:Creating package script '/home/mirellameelo/ws/image_common-dashing/install/image_transport/share/image_transport/package.sh'
[15.153s] INFO:colcon.colcon_core.shell:Creating package script '/home/mirellameelo/ws/image_common-dashing/install/image_transport/share/image_transport/package.bash'
[15.153s] INFO:colcon.colcon_core.shell:Creating package script '/home/mirellameelo/ws/image_common-dashing/install/image_transport/share/image_transport/package.zsh'
[15.154s] Level 1:colcon.colcon_core.environment:create_file_with_runtime_dependencies(/home/mirellameelo/ws/image_common-dashing/install/image_transport/share/colcon-core/packages/image_transport)
[15.154s] INFO:colcon.colcon_ros.task.ament_cmake.build:Building ROS package in '/home/mirellameelo/ws/image_common-dashing/camera_info_manager' with build type 'ament_cmake'
[15.154s] INFO:colcon.colcon_cmake.task.cmake.build:Building CMake package in '/home/mirellameelo/ws/image_common-dashing/camera_info_manager'
[15.155s] INFO:colcon.colcon_core.shell:Skip shell extension 'powershell' for command environment: Not usable outside of PowerShell
[15.155s] DEBUG:colcon.colcon_core.shell:Skip shell extension 'dsv' for command environment
[15.156s] DEBUG:colcon.colcon_core.shell:Ignoring prefix path '/opt/ros/dashing'
[15.164s] DEBUG:colcon.colcon_core.event_handler.log_command:Invoking command in '/home/mirellameelo/ws/image_common-dashing/build/camera_info_manager': AMENT_PREFIX_PATH=/home/mirellameelo/ws/image_common-dashing/install/image_transport:/home/mirellameelo/ws/image_common-dashing/install/camera_calibration_parsers:${AMENT_PREFIX_PATH} CMAKE_PREFIX_PATH=/home/mirellameelo/ws/image_common-dashing/install/image_transport:/home/mirellameelo/ws/image_common-dashing/install/camera_calibration_parsers:/opt/ros/dashing LD_LIBRARY_PATH=/home/mirellameelo/ws/image_common-dashing/install/image_transport/lib:/home/mirellameelo/ws/image_common-dashing/install/camera_calibration_parsers/lib:${LD_LIBRARY_PATH} /usr/bin/cmake /home/mirellameelo/ws/image_common-dashing/camera_info_manager -DAMENT_CMAKE_SYMLINK_INSTALL=1 -DCMAKE_INSTALL_PREFIX=/home/mirellameelo/ws/image_common-dashing/install/camera_info_manager
[16.821s] DEBUG:colcon.colcon_core.event_handler.log_command:Invoked command in '/home/mirellameelo/ws/image_common-dashing/build/camera_info_manager' returned '0': AMENT_PREFIX_PATH=/home/mirellameelo/ws/image_common-dashing/install/image_transport:/home/mirellameelo/ws/image_common-dashing/install/camera_calibration_parsers:${AMENT_PREFIX_PATH} CMAKE_PREFIX_PATH=/home/mirellameelo/ws/image_common-dashing/install/image_transport:/home/mirellameelo/ws/image_common-dashing/install/camera_calibration_parsers:/opt/ros/dashing LD_LIBRARY_PATH=/home/mirellameelo/ws/image_common-dashing/install/image_transport/lib:/home/mirellameelo/ws/image_common-dashing/install/camera_calibration_parsers/lib:${LD_LIBRARY_PATH} /usr/bin/cmake /home/mirellameelo/ws/image_common-dashing/camera_info_manager -DAMENT_CMAKE_SYMLINK_INSTALL=1 -DCMAKE_INSTALL_PREFIX=/home/mirellameelo/ws/image_common-dashing/install/camera_info_manager
[16.822s] DEBUG:colcon.colcon_core.event_handler.log_command:Invoking command in '/home/mirellameelo/ws/image_common-dashing/build/camera_info_manager': AMENT_PREFIX_PATH=/home/mirellameelo/ws/image_common-dashing/install/image_transport:/home/mirellameelo/ws/image_common-dashing/install/camera_calibration_parsers:${AMENT_PREFIX_PATH} CMAKE_PREFIX_PATH=/home/mirellameelo/ws/image_common-dashing/install/image_transport:/home/mirellameelo/ws/image_common-dashing/install/camera_calibration_parsers:/opt/ros/dashing LD_LIBRARY_PATH=/home/mirellameelo/ws/image_common-dashing/install/image_transport/lib:/home/mirellameelo/ws/image_common-dashing/install/camera_calibration_parsers/lib:${LD_LIBRARY_PATH} /usr/bin/cmake --build /home/mirellameelo/ws/image_common-dashing/build/camera_info_manager -- -j12 -l12
[18.209s] DEBUG:colcon.colcon_core.event_handler.log_command:Invoked command in '/home/mirellameelo/ws/image_common-dashing/build/camera_info_manager' returned '0': AMENT_PREFIX_PATH=/home/mirellameelo/ws/image_common-dashing/install/image_transport:/home/mirellameelo/ws/image_common-dashing/install/camera_calibration_parsers:${AMENT_PREFIX_PATH} CMAKE_PREFIX_PATH=/home/mirellameelo/ws/image_common-dashing/install/image_transport:/home/mirellameelo/ws/image_common-dashing/install/camera_calibration_parsers:/opt/ros/dashing LD_LIBRARY_PATH=/home/mirellameelo/ws/image_common-dashing/install/image_transport/lib:/home/mirellameelo/ws/image_common-dashing/install/camera_calibration_parsers/lib:${LD_LIBRARY_PATH} /usr/bin/cmake --build /home/mirellameelo/ws/image_common-dashing/build/camera_info_manager -- -j12 -l12
[18.227s] DEBUG:colcon.colcon_core.event_handler.log_command:Invoking command in '/home/mirellameelo/ws/image_common-dashing/build/camera_info_manager': AMENT_PREFIX_PATH=/home/mirellameelo/ws/image_common-dashing/install/image_transport:/home/mirellameelo/ws/image_common-dashing/install/camera_calibration_parsers:${AMENT_PREFIX_PATH} CMAKE_PREFIX_PATH=/home/mirellameelo/ws/image_common-dashing/install/image_transport:/home/mirellameelo/ws/image_common-dashing/install/camera_calibration_parsers:/opt/ros/dashing LD_LIBRARY_PATH=/home/mirellameelo/ws/image_common-dashing/install/image_transport/lib:/home/mirellameelo/ws/image_common-dashing/install/camera_calibration_parsers/lib:${LD_LIBRARY_PATH} /usr/bin/cmake --build /home/mirellameelo/ws/image_common-dashing/build/camera_info_manager --target install -- -j12 -l12
[18.447s] Level 1:colcon.colcon_core.environment:create_environment_scripts_only(camera_info_manager)
[18.448s] Level 1:colcon.colcon_core.environment:checking '/home/mirellameelo/ws/image_common-dashing/install/camera_info_manager' for CMake module files
[18.448s] DEBUG:colcon.colcon_core.event_handler.log_command:Invoked command in '/home/mirellameelo/ws/image_common-dashing/build/camera_info_manager' returned '0': AMENT_PREFIX_PATH=/home/mirellameelo/ws/image_common-dashing/install/image_transport:/home/mirellameelo/ws/image_common-dashing/install/camera_calibration_parsers:${AMENT_PREFIX_PATH} CMAKE_PREFIX_PATH=/home/mirellameelo/ws/image_common-dashing/install/image_transport:/home/mirellameelo/ws/image_common-dashing/install/camera_calibration_parsers:/opt/ros/dashing LD_LIBRARY_PATH=/home/mirellameelo/ws/image_common-dashing/install/image_transport/lib:/home/mirellameelo/ws/image_common-dashing/install/camera_calibration_parsers/lib:${LD_LIBRARY_PATH} /usr/bin/cmake --build /home/mirellameelo/ws/image_common-dashing/build/camera_info_manager --target install -- -j12 -l12
[18.448s] Level 1:colcon.colcon_core.environment:checking '/home/mirellameelo/ws/image_common-dashing/install/camera_info_manager' for CMake config files
[18.449s] Level 1:colcon.colcon_core.shell:create_environment_hook('camera_info_manager', 'cmake_prefix_path')
[18.449s] INFO:colcon.colcon_core.shell:Creating environment hook '/home/mirellameelo/ws/image_common-dashing/install/camera_info_manager/share/camera_info_manager/hook/cmake_prefix_path.ps1'
[18.449s] INFO:colcon.colcon_core.shell:Creating environment descriptor '/home/mirellameelo/ws/image_common-dashing/install/camera_info_manager/share/camera_info_manager/hook/cmake_prefix_path.dsv'
[18.450s] INFO:colcon.colcon_core.shell:Creating environment hook '/home/mirellameelo/ws/image_common-dashing/install/camera_info_manager/share/camera_info_manager/hook/cmake_prefix_path.sh'
[18.450s] Level 1:colcon.colcon_core.environment:checking '/home/mirellameelo/ws/image_common-dashing/install/camera_info_manager/lib'
[18.450s] Level 1:colcon.colcon_core.shell:create_environment_hook('camera_info_manager', 'ld_library_path_lib')
[18.451s] INFO:colcon.colcon_core.shell:Creating environment hook '/home/mirellameelo/ws/image_common-dashing/install/camera_info_manager/share/camera_info_manager/hook/ld_library_path_lib.ps1'
[18.451s] INFO:colcon.colcon_core.shell:Creating environment descriptor '/home/mirellameelo/ws/image_common-dashing/install/camera_info_manager/share/camera_info_manager/hook/ld_library_path_lib.dsv'
[18.451s] INFO:colcon.colcon_core.shell:Creating environment hook '/home/mirellameelo/ws/image_common-dashing/install/camera_info_manager/share/camera_info_manager/hook/ld_library_path_lib.sh'
[18.452s] Level 1:colcon.colcon_core.environment:checking '/home/mirellameelo/ws/image_common-dashing/install/camera_info_manager/bin'
[18.452s] Level 1:colcon.colcon_core.environment:checking '/home/mirellameelo/ws/image_common-dashing/install/camera_info_manager/lib/pkgconfig/camera_info_manager.pc'
[18.452s] Level 1:colcon.colcon_core.environment:checking '/home/mirellameelo/ws/image_common-dashing/install/camera_info_manager/lib/python3.6/site-packages'
[18.452s] INFO:colcon.colcon_core.shell:Creating package script '/home/mirellameelo/ws/image_common-dashing/install/camera_info_manager/share/camera_info_manager/package.ps1'
[18.453s] INFO:colcon.colcon_core.shell:Creating package descriptor '/home/mirellameelo/ws/image_common-dashing/install/camera_info_manager/share/camera_info_manager/package.dsv'
[18.453s] INFO:colcon.colcon_core.shell:Creating package script '/home/mirellameelo/ws/image_common-dashing/install/camera_info_manager/share/camera_info_manager/package.sh'
[18.453s] INFO:colcon.colcon_core.shell:Creating package script '/home/mirellameelo/ws/image_common-dashing/install/camera_info_manager/share/camera_info_manager/package.bash'
[18.454s] INFO:colcon.colcon_core.shell:Creating package script '/home/mirellameelo/ws/image_common-dashing/install/camera_info_manager/share/camera_info_manager/package.zsh'
[18.454s] Level 1:colcon.colcon_core.environment:create_file_with_runtime_dependencies(/home/mirellameelo/ws/image_common-dashing/install/camera_info_manager/share/colcon-core/packages/camera_info_manager)
[18.454s] DEBUG:colcon.colcon_parallel_executor.executor.parallel:closing loop
[18.455s] DEBUG:colcon.colcon_parallel_executor.executor.parallel:loop closed
[18.455s] DEBUG:colcon.colcon_parallel_executor.executor.parallel:run_until_complete finished with '0'
[18.456s] DEBUG:colcon.colcon_core.event_reactor:joining thread
[18.461s] INFO:colcon.colcon_core.plugin_system:Skipping extension 'colcon_notification.desktop_notification.terminal_notifier': Not used on non-Darwin systems
[18.461s] INFO:colcon.colcon_core.plugin_system:Skipping extension 'colcon_notification.desktop_notification.win32': Not used on non-Windows systems
[18.461s] INFO:colcon.colcon_notification.desktop_notification:Sending desktop notification using 'notify2'
[18.464s] DEBUG:colcon.colcon_core.event_reactor:joined thread
[18.464s] INFO:colcon.colcon_core.shell:Creating prefix script '/home/mirellameelo/ws/image_common-dashing/install/local_setup.ps1'
[18.465s] INFO:colcon.colcon_core.shell:Creating prefix util module '/home/mirellameelo/ws/image_common-dashing/install/_local_setup_util_ps1.py'
[18.466s] INFO:colcon.colcon_core.shell:Creating prefix chain script '/home/mirellameelo/ws/image_common-dashing/install/setup.ps1'
[18.468s] INFO:colcon.colcon_core.shell:Creating prefix script '/home/mirellameelo/ws/image_common-dashing/install/local_setup.sh'
[18.469s] INFO:colcon.colcon_core.shell:Creating prefix util module '/home/mirellameelo/ws/image_common-dashing/install/_local_setup_util_sh.py'
[18.469s] INFO:colcon.colcon_core.shell:Creating prefix chain script '/home/mirellameelo/ws/image_common-dashing/install/setup.sh'
[18.471s] INFO:colcon.colcon_core.shell:Creating prefix script '/home/mirellameelo/ws/image_common-dashing/install/local_setup.bash'
[18.471s] INFO:colcon.colcon_core.shell:Creating prefix chain script '/home/mirellameelo/ws/image_common-dashing/install/setup.bash'
[18.473s] INFO:colcon.colcon_core.shell:Creating prefix script '/home/mirellameelo/ws/image_common-dashing/install/local_setup.zsh'
[18.474s] INFO:colcon.colcon_core.shell:Creating prefix chain script '/home/mirellameelo/ws/image_common-dashing/install/setup.zsh'
