[0.023s] Invoking command in '/home/mirellameelo/openvslam/ros2/build/publisher': CMAKE_PREFIX_PATH=${CMAKE_PREFIX_PATH}:/home/mirellameelo/ws/vision_opencv/install/opencv_tests:/opt/ros/dashing /usr/bin/cmake /home/mirellameelo/openvslam/ros2/src/publisher -DAMENT_CMAKE_SYMLINK_INSTALL=1 -DCMAKE_INSTALL_PREFIX=/home/mirellameelo/openvslam/ros2/install/publisher
[0.068s] -- The CXX compiler identification is GNU 7.5.0
[0.097s] -- The C compiler identification is GNU 7.5.0
[0.099s] -- Check for working CXX compiler: /usr/bin/c++
[0.156s] -- Check for working CXX compiler: /usr/bin/c++ -- works
[0.157s] -- Detecting CXX compiler ABI info
[0.212s] -- Detecting CXX compiler ABI info - done
[0.216s] -- Detecting CXX compile features
[0.450s] -- Detecting CXX compile features - done
[0.451s] -- Check for working C compiler: /usr/bin/cc
[0.500s] -- Check for working C compiler: /usr/bin/cc -- works
[0.501s] -- Detecting C compiler ABI info
[0.547s] -- Detecting C compiler ABI info - done
[0.551s] -- Detecting C compile features
[0.694s] -- Detecting C compile features - done
[0.694s] -- Root directory of OpenVSLAM: /home/mirellameelo/openvslam
[0.695s] -- Build type: Release
[0.695s] -- Address/Memory sanitizer: DISABLED
[0.695s] -- Architecture-aware optimization (-march=native): DISABLED
[0.696s] -- Performing Test COMPILER_SUPPORTS_CXX17
[0.755s] -- Performing Test COMPILER_SUPPORTS_CXX17 - Success
[0.755s] -- Performing Test COMPILER_SUPPORTS_CXX14
[0.809s] -- Performing Test COMPILER_SUPPORTS_CXX14 - Success
[0.810s] -- Performing Test COMPILER_SUPPORTS_CXX11
[0.866s] -- Performing Test COMPILER_SUPPORTS_CXX11 - Success
[0.867s] -- Performing Test COMPILER_SUPPORTS_CXX0X
[0.923s] -- Performing Test COMPILER_SUPPORTS_CXX0X - Success
[0.923s] -- C++11 support: OK (-std=c++17)
[0.926s] -- Found ament_cmake: 0.7.4 (/opt/ros/dashing/share/ament_cmake/cmake)
[0.955s] -- Found PythonInterp: /usr/bin/python3 (found suitable version "3.6.9", minimum required is "3") 
[0.955s] -- Using PYTHON_EXECUTABLE: /usr/bin/python3
[1.101s] -- Override CMake install command with custom implementation using symlinks instead of copying resources
[1.125s] -- Found rclcpp: 0.7.13 (/opt/ros/dashing/share/rclcpp/cmake)
[1.148s] -- Found rosidl_adapter: 0.7.9 (/opt/ros/dashing/share/rosidl_adapter/cmake)
[1.186s] -- Found rmw_implementation_cmake: 0.7.2 (/opt/ros/dashing/share/rmw_implementation_cmake/cmake)
[1.188s] -- Using RMW implementation 'rmw_fastrtps_cpp' as default
[1.188s] -- Looking for pthread.h
[1.238s] -- Looking for pthread.h - found
[1.239s] -- Looking for pthread_create
[1.292s] -- Looking for pthread_create - not found
[1.292s] -- Looking for pthread_create in pthreads
[1.336s] -- Looking for pthread_create in pthreads - not found
[1.337s] -- Looking for pthread_create in pthread
[1.385s] -- Looking for pthread_create in pthread - found
[1.386s] -- Found Threads: TRUE  
[1.413s] -- Found cv_bridge: 2.1.3 (/home/mirellameelo/ws/vision_opencv/install/cv_bridge/share/cv_bridge/cmake)
[1.422s] -- Found image_transport: 2.1.1 (/home/mirellameelo/ws/image_common-dashing/install/image_transport/share/image_transport/cmake)
[1.464s] -- Found tinyxml2_vendor:  (/opt/ros/dashing/share/tinyxml2_vendor/cmake)
[1.475s] -- Found TinyXML2: /usr/lib/x86_64-linux-gnu/libtinyxml2.so  
[1.483s] -- Found poco_vendor:  (/opt/ros/dashing/share/poco_vendor/cmake)
[1.494s] -- Use OpenCV 3.4.0
[1.579s] -- Configuring done
[1.612s] -- Generating done
[1.613s] -- Build files have been written to: /home/mirellameelo/openvslam/ros2/build/publisher
[1.619s] Invoked command in '/home/mirellameelo/openvslam/ros2/build/publisher' returned '0': CMAKE_PREFIX_PATH=${CMAKE_PREFIX_PATH}:/home/mirellameelo/ws/vision_opencv/install/opencv_tests:/opt/ros/dashing /usr/bin/cmake /home/mirellameelo/openvslam/ros2/src/publisher -DAMENT_CMAKE_SYMLINK_INSTALL=1 -DCMAKE_INSTALL_PREFIX=/home/mirellameelo/openvslam/ros2/install/publisher
[1.621s] Invoking command in '/home/mirellameelo/openvslam/ros2/build/publisher': CMAKE_PREFIX_PATH=${CMAKE_PREFIX_PATH}:/home/mirellameelo/ws/vision_opencv/install/opencv_tests:/opt/ros/dashing /usr/bin/cmake --build /home/mirellameelo/openvslam/ros2/build/publisher -- -j12 -l12
[1.649s] [35m[1mScanning dependencies of target video_publisher[0m
[1.649s] [35m[1mScanning dependencies of target image_publisher[0m
[1.688s] [ 20%] [32mBuilding CXX object src/CMakeFiles/image_publisher.dir/home/mirellameelo/openvslam/example/util/image_util.cc.o[0m
[1.690s] [ 40%] [32mBuilding CXX object src/CMakeFiles/image_publisher.dir/image_publisher.cc.o[0m
[1.701s] [ 60%] [32mBuilding CXX object src/CMakeFiles/video_publisher.dir/video_publisher.cc.o[0m
[4.817s] [ 80%] [32m[1mLinking CXX executable image[0m
[4.821s] [100%] [32m[1mLinking CXX executable video[0m
[5.202s] [100%] Built target image_publisher
[5.279s] [100%] Built target video_publisher
[5.288s] Invoked command in '/home/mirellameelo/openvslam/ros2/build/publisher' returned '0': CMAKE_PREFIX_PATH=${CMAKE_PREFIX_PATH}:/home/mirellameelo/ws/vision_opencv/install/opencv_tests:/opt/ros/dashing /usr/bin/cmake --build /home/mirellameelo/openvslam/ros2/build/publisher -- -j12 -l12
[5.316s] Invoking command in '/home/mirellameelo/openvslam/ros2/build/publisher': CMAKE_PREFIX_PATH=${CMAKE_PREFIX_PATH}:/home/mirellameelo/ws/vision_opencv/install/opencv_tests:/opt/ros/dashing /usr/bin/cmake --build /home/mirellameelo/openvslam/ros2/build/publisher --target install -- -j12 -l12
[5.371s] [ 60%] Built target image_publisher
[5.380s] [100%] Built target video_publisher
[5.399s] [36mInstall the project...[0m
[5.406s] -- Install configuration: "Release"
[5.407s] -- Execute custom install script
[5.407s] -- Symlinking: /home/mirellameelo/openvslam/ros2/install/publisher/lib/publisher/video
[5.416s] -- Symlinking: /home/mirellameelo/openvslam/ros2/install/publisher/lib/publisher/image
[5.424s] -- Symlinking: /home/mirellameelo/openvslam/ros2/install/publisher/share/ament_index/resource_index/package_run_dependencies/publisher
[5.432s] -- Symlinking: /home/mirellameelo/openvslam/ros2/install/publisher/share/ament_index/resource_index/parent_prefix_path/publisher
[5.440s] -- Symlinking: /home/mirellameelo/openvslam/ros2/install/publisher/share/publisher/environment/ament_prefix_path.sh
[5.448s] -- Symlinking: /home/mirellameelo/openvslam/ros2/install/publisher/share/publisher/environment/path.sh
[5.456s] -- Symlinking: /home/mirellameelo/openvslam/ros2/install/publisher/share/publisher/local_setup.bash
[5.464s] -- Symlinking: /home/mirellameelo/openvslam/ros2/install/publisher/share/publisher/local_setup.sh
[5.471s] -- Symlinking: /home/mirellameelo/openvslam/ros2/install/publisher/share/publisher/local_setup.zsh
[5.478s] -- Symlinking: /home/mirellameelo/openvslam/ros2/install/publisher/share/ament_index/resource_index/packages/publisher
[5.485s] -- Symlinking: /home/mirellameelo/openvslam/ros2/install/publisher/share/publisher/cmake/publisherConfig.cmake
[5.493s] -- Symlinking: /home/mirellameelo/openvslam/ros2/install/publisher/share/publisher/cmake/publisherConfig-version.cmake
[5.500s] -- Symlinking: /home/mirellameelo/openvslam/ros2/install/publisher/share/publisher/package.xml
[5.510s] Invoked command in '/home/mirellameelo/openvslam/ros2/build/publisher' returned '0': CMAKE_PREFIX_PATH=${CMAKE_PREFIX_PATH}:/home/mirellameelo/ws/vision_opencv/install/opencv_tests:/opt/ros/dashing /usr/bin/cmake --build /home/mirellameelo/openvslam/ros2/build/publisher --target install -- -j12 -l12
