[0.047s] -- Root directory of OpenVSLAM: /home/mirellameelo/openvslam
[0.047s] -- Source directory of OpenVSLAM: /home/mirellameelo/openvslam/src
[0.047s] -- Library directory of OpenVSLAM: /home/mirellameelo/openvslam/build/lib
[0.047s] -- Build type: Release
[0.047s] -- Address/Memory sanitizer: DISABLED
[0.047s] -- Stack trace logger: DISABLED
[0.048s] -- Google Perftools: DISABLED
[0.048s] -- Architecture-aware optimization (-march=native): DISABLED
[0.048s] -- C++11 support: OK (-std=c++17)
[0.048s] -- Found ament_cmake: 0.7.4 (/opt/ros/dashing/share/ament_cmake/cmake)
[0.080s] -- Using PYTHON_EXECUTABLE: /usr/bin/python3
[0.273s] -- Override CMake install command with custom implementation using symlinks instead of copying resources
[0.278s] -- Found rclcpp: 0.7.13 (/opt/ros/dashing/share/rclcpp/cmake)
[0.289s] -- Found rosidl_adapter: 0.7.9 (/opt/ros/dashing/share/rosidl_adapter/cmake)
[0.312s] -- Found rmw_implementation_cmake: 0.7.2 (/opt/ros/dashing/share/rmw_implementation_cmake/cmake)
[0.313s] -- Using RMW implementation 'rmw_fastrtps_cpp' as default
[0.333s] -- Found cv_bridge: 2.1.3 (/home/mirellameelo/ws/vision_opencv/install/cv_bridge/share/cv_bridge/cmake)
[0.339s] -- Found image_transport: 2.1.1 (/home/mirellameelo/ws/image_common-dashing/install/image_transport/share/image_transport/cmake)
[0.370s] -- Found tinyxml2_vendor:  (/opt/ros/dashing/share/tinyxml2_vendor/cmake)
[0.378s] -- Found poco_vendor:  (/opt/ros/dashing/share/poco_vendor/cmake)
[0.387s] -- Use OpenCV 3.4.0
[0.389s] -- BoW framework: DBoW2 (found in /usr/local/include)
[0.390s] -- Viewer for examples: pangolin viewer
[0.495s] -- Configuring done
[0.554s] -- Generating done
[0.555s] -- Build files have been written to: /home/mirellameelo/openvslam/ros2/build/openvslam
[0.577s] [35m[1mScanning dependencies of target run_pose[0m
[0.607s] [ 50%] Built target run_slam
[0.607s] [ 66%] Built target run_localization
[0.673s] [ 83%] [32mBuilding CXX object src/CMakeFiles/run_pose.dir/run_pose.cc.o[0m
[8.411s] [100%] [32m[1mLinking CXX executable run_pose[0m
[8.748s] src/CMakeFiles/run_pose.dir/build.make:374: recipe for target 'src/run_pose' failed
[8.748s] CMakeFiles/Makefile2:158: recipe for target 'src/CMakeFiles/run_pose.dir/all' failed
[8.749s] Makefile:140: recipe for target 'all' failed
