[0.056s] -- Root directory of OpenVSLAM: /home/mirellameelo/openvslam
[0.056s] -- Source directory of OpenVSLAM: /home/mirellameelo/openvslam/src
[0.057s] -- Library directory of OpenVSLAM: /home/mirellameelo/openvslam/build/lib
[0.057s] -- Build type: Release
[0.057s] -- Address/Memory sanitizer: DISABLED
[0.057s] -- Stack trace logger: DISABLED
[0.057s] -- Google Perftools: DISABLED
[0.057s] -- Architecture-aware optimization (-march=native): DISABLED
[0.058s] -- C++11 support: OK (-std=c++17)
[0.058s] -- Found ament_cmake: 0.7.4 (/opt/ros/dashing/share/ament_cmake/cmake)
[0.085s] -- Using PYTHON_EXECUTABLE: /usr/bin/python3
[0.264s] -- Override CMake install command with custom implementation using symlinks instead of copying resources
[0.275s] -- Found rclcpp: 0.7.13 (/opt/ros/dashing/share/rclcpp/cmake)
[0.289s] -- Found rosidl_adapter: 0.7.9 (/opt/ros/dashing/share/rosidl_adapter/cmake)
[0.319s] -- Found rmw_implementation_cmake: 0.7.2 (/opt/ros/dashing/share/rmw_implementation_cmake/cmake)
[0.321s] -- Using RMW implementation 'rmw_fastrtps_cpp' as default
[0.343s] -- Found cv_bridge: 2.1.3 (/home/mirellameelo/ws/vision_opencv/install/cv_bridge/share/cv_bridge/cmake)
[0.350s] -- Found image_transport: 2.1.1 (/home/mirellameelo/ws/image_common-dashing/install/image_transport/share/image_transport/cmake)
[0.385s] -- Found tinyxml2_vendor:  (/opt/ros/dashing/share/tinyxml2_vendor/cmake)
[0.395s] -- Found poco_vendor:  (/opt/ros/dashing/share/poco_vendor/cmake)
[0.403s] -- Found nav_msgs: 0.7.0 (/opt/ros/dashing/share/nav_msgs/cmake)
[0.412s] -- Found tf2_ros: 0.11.6 (/opt/ros/dashing/share/tf2_ros/cmake)
[0.452s] -- Use OpenCV 3.4.0
[0.454s] -- BoW framework: DBoW2 (found in /usr/local/include)
[0.456s] -- Configuring incomplete, errors occurred!
[0.456s] See also "/home/mirellameelo/openvslam/ros2/build/openvslam/CMakeFiles/CMakeOutput.log".
[0.456s] See also "/home/mirellameelo/openvslam/ros2/build/openvslam/CMakeFiles/CMakeError.log".
[0.458s] Makefile:236: recipe for target 'cmake_check_build_system' failed
