[0.044s] -- Root directory of OpenVSLAM: /home/mirellameelo/openvslam
[0.044s] -- Source directory of OpenVSLAM: /home/mirellameelo/openvslam/src
[0.044s] -- Library directory of OpenVSLAM: /home/mirellameelo/openvslam/build/lib
[0.045s] -- Build type: Release
[0.045s] -- Address/Memory sanitizer: DISABLED
[0.045s] -- Stack trace logger: DISABLED
[0.045s] -- Google Perftools: DISABLED
[0.045s] -- Architecture-aware optimization (-march=native): DISABLED
[0.045s] -- C++11 support: OK (-std=c++17)
[0.045s] -- Found ament_cmake: 0.7.4 (/opt/ros/dashing/share/ament_cmake/cmake)
[0.073s] -- Using PYTHON_EXECUTABLE: /usr/bin/python3
[0.238s] -- Override CMake install command with custom implementation using symlinks instead of copying resources
[0.242s] -- Found rclcpp: 0.7.13 (/opt/ros/dashing/share/rclcpp/cmake)
[0.252s] -- Found rosidl_adapter: 0.7.9 (/opt/ros/dashing/share/rosidl_adapter/cmake)
[0.275s] -- Found rmw_implementation_cmake: 0.7.2 (/opt/ros/dashing/share/rmw_implementation_cmake/cmake)
[0.277s] -- Using RMW implementation 'rmw_fastrtps_cpp' as default
[0.296s] -- Found cv_bridge: 2.1.3 (/home/mirellameelo/ws/vision_opencv/install/cv_bridge/share/cv_bridge/cmake)
[0.302s] -- Found image_transport: 2.1.1 (/home/mirellameelo/ws/image_common-dashing/install/image_transport/share/image_transport/cmake)
[0.335s] -- Found tinyxml2_vendor:  (/opt/ros/dashing/share/tinyxml2_vendor/cmake)
[0.343s] -- Found poco_vendor:  (/opt/ros/dashing/share/poco_vendor/cmake)
[0.348s] -- Found nav_msgs: 0.7.0 (/opt/ros/dashing/share/nav_msgs/cmake)
[0.360s] -- Use OpenCV 3.4.0
[0.362s] -- BoW framework: DBoW2 (found in /usr/local/include)
[0.363s] -- Viewer for examples: pangolin viewer
[0.480s] -- Configuring done
[0.516s] -- Generating done
[0.518s] -- Build files have been written to: /home/mirellameelo/openvslam/ros2/build/openvslam
[0.540s] [35m[1mScanning dependencies of target run_localization[0m
[0.563s] [ 50%] Built target run_slam
[0.575s] [ 75%] [32mBuilding CXX object src/CMakeFiles/run_localization.dir/run_localization.cc.o[0m
[4.763s] src/CMakeFiles/run_localization.dir/build.make:62: recipe for target 'src/CMakeFiles/run_localization.dir/run_localization.cc.o' failed
[4.763s] CMakeFiles/Makefile2:156: recipe for target 'src/CMakeFiles/run_localization.dir/all' failed
[4.764s] Makefile:140: recipe for target 'all' failed
