[0.064s] [35m[1mScanning dependencies of target run_localization[0m
[0.083s] [ 50%] Built target run_slam
[0.109s] [ 75%] [32mBuilding CXX object src/CMakeFiles/run_localization.dir/run_localization.cc.o[0m
[3.208s] [01m[K/home/mirellameelo/openvslam/ros2/src/openvslam/src/run_localization.cc:[m[K In function ‘[01m[Kauto publi(auto:5)[m[K’:
[3.208s] [01m[K/home/mirellameelo/openvslam/ros2/src/openvslam/src/run_localization.cc:49:5:[m[K [01;31m[Kerror: [m[Kexpected ‘[01m[K,[m[K’ or ‘[01m[K;[m[K’ before ‘[01m[Ktf2[m[K’
[3.209s]      [01;31m[Ktf2[m[K::Vector3 tf_translation_vector(translation_vector(0), translation_vector(1), translation_vector(2))
[3.209s]      [01;31m[K^~~[m[K
[3.209s] [01m[K/home/mirellameelo/openvslam/ros2/src/openvslam/src/run_localization.cc:54:5:[m[K [01;31m[Kerror: [m[K‘[01m[Kodom_msg_[m[K’ was not declared in this scope
[3.209s]      [01;31m[Kodom_msg_[m[K.header.frame_id = "camera_frame";
[3.209s]      [01;31m[K^~~~~~~~~[m[K
[3.212s] [01m[K/home/mirellameelo/openvslam/ros2/src/openvslam/src/run_localization.cc:56:5:[m[K [01;31m[Kerror: [m[Kexpected ‘[01m[K;[m[K’ before ‘[01m[Kodom_msg_[m[K’
[3.212s]      [01;31m[Kodom_msg_[m[K.pose.pose.orientation.x = transform_tf.getRotation().getX();
[3.212s]      [01;31m[K^~~~~~~~~[m[K
[3.213s] [01m[K/home/mirellameelo/openvslam/ros2/src/openvslam/src/run_localization.cc:57:41:[m[K [01;31m[Kerror: [m[K‘[01m[Ktransform_tf[m[K’ was not declared in this scope
[3.213s]      odom_msg_.pose.pose.orientation.y = [01;31m[Ktransform_tf[m[K.getRotation().getY();
[3.213s]                                          [01;31m[K^~~~~~~~~~~~[m[K
[3.218s] [01m[K/home/mirellameelo/openvslam/ros2/src/openvslam/src/run_localization.cc:57:41:[m[K [01;36m[Knote: [m[Ksuggested alternative: ‘[01m[KTransformData[m[K’
[3.218s]      odom_msg_.pose.pose.orientation.y = [01;36m[Ktransform_tf[m[K.getRotation().getY();
[3.218s]                                          [01;36m[K^~~~~~~~~~~~[m[K
[3.218s]                                          [32m[KTransformData[m[K
[3.218s] [01m[K/home/mirellameelo/openvslam/ros2/src/openvslam/src/run_localization.cc:60:5:[m[K [01;31m[Kerror: [m[Kexpected ‘[01m[K;[m[K’ before ‘[01m[Kodom_msg_[m[K’
[3.218s]      [01;31m[Kodom_msg_[m[K.pose.pose.position.x = transform_tf.getOrigin().getX();
[3.218s]      [01;31m[K^~~~~~~~~[m[K
[5.020s] src/CMakeFiles/run_localization.dir/build.make:62: recipe for target 'src/CMakeFiles/run_localization.dir/run_localization.cc.o' failed
[5.021s] make[2]: *** [src/CMakeFiles/run_localization.dir/run_localization.cc.o] Error 1
[5.021s] CMakeFiles/Makefile2:156: recipe for target 'src/CMakeFiles/run_localization.dir/all' failed
[5.021s] make[1]: *** [src/CMakeFiles/run_localization.dir/all] Error 2
[5.021s] Makefile:140: recipe for target 'all' failed
[5.021s] make: *** [all] Error 2
