[0.092s] -- The C compiler identification is GNU 7.4.0
[0.142s] -- The CXX compiler identification is GNU 7.4.0
[0.144s] -- Check for working C compiler: /usr/bin/cc
[0.201s] -- Check for working C compiler: /usr/bin/cc -- works
[0.202s] -- Detecting C compiler ABI info
[0.259s] -- Detecting C compiler ABI info - done
[0.264s] -- Detecting C compile features
[0.437s] -- Detecting C compile features - done
[0.439s] -- Check for working CXX compiler: /usr/bin/c++
[0.507s] -- Check for working CXX compiler: /usr/bin/c++ -- works
[0.508s] -- Detecting CXX compiler ABI info
[0.577s] -- Detecting CXX compiler ABI info - done
[0.582s] -- Detecting CXX compile features
[0.866s] -- Detecting CXX compile features - done
[0.868s] -- Found ament_cmake_ros: 0.7.0 (/opt/ros/dashing/share/ament_cmake_ros/cmake)
[0.893s] -- Found PythonInterp: /usr/bin/python3 (found suitable version "3.6.9", minimum required is "3") 
[0.893s] -- Using PYTHON_EXECUTABLE: /usr/bin/python3
[1.066s] -- Override CMake install command with custom implementation using symlinks instead of copying resources
[1.082s] -- Found rclcpp: 0.7.12 (/opt/ros/dashing/share/rclcpp/cmake)
[1.100s] -- Found rosidl_adapter: 0.7.8 (/opt/ros/dashing/share/rosidl_adapter/cmake)
[1.135s] -- Found rmw_implementation_cmake: 0.7.2 (/opt/ros/dashing/share/rmw_implementation_cmake/cmake)
[1.137s] -- Using RMW implementation 'rmw_fastrtps_cpp' as default
[1.138s] -- Looking for pthread.h
[1.196s] -- Looking for pthread.h - found
[1.197s] -- Looking for pthread_create
[1.258s] -- Looking for pthread_create - not found
[1.259s] -- Looking for pthread_create in pthreads
[1.306s] -- Looking for pthread_create in pthreads - not found
[1.307s] -- Looking for pthread_create in pthread
[1.366s] -- Looking for pthread_create in pthread - found
[1.367s] -- Found Threads: TRUE  
[1.393s] -- Found sensor_msgs: 0.7.0 (/opt/ros/dashing/share/sensor_msgs/cmake)
[1.416s] -- Found yaml_cpp_vendor: 6.0.1 (/opt/ros/dashing/share/yaml_cpp_vendor/cmake)
[1.416s] -- Setting yaml-cpp_DIR to: '/opt/ros/dashing/share/yaml_cpp_vendor/cmake/../../../opt/yaml_cpp_vendor/lib/cmake/yaml-cpp'
[1.438s] -- Found ament_cmake_cppcheck: 0.7.11 (/opt/ros/dashing/share/ament_cmake_cppcheck/cmake)
[1.440s] -- Found ament_cmake_cpplint: 0.7.11 (/opt/ros/dashing/share/ament_cmake_cpplint/cmake)
[1.441s] -- Found ament_cmake_lint_cmake: 0.7.11 (/opt/ros/dashing/share/ament_cmake_lint_cmake/cmake)
[1.442s] -- Found ament_cmake_uncrustify: 0.7.11 (/opt/ros/dashing/share/ament_cmake_uncrustify/cmake)
[1.444s] -- Found ament_cmake_gtest: 0.7.4 (/opt/ros/dashing/share/ament_cmake_gtest/cmake)
[1.446s] -- Found gtest sources under '/opt/ros/dashing/src/gtest_vendor': C++ tests using 'Google Test' will be built
[1.448s] -- Check if compiler accepts -pthread
[1.510s] -- Check if compiler accepts -pthread - yes
[1.574s] -- Configuring done
[1.605s] -- Generating done
[1.607s] -- Build files have been written to: /home/mirellameelo/ws/image_common-dashing/build/camera_calibration_parsers
[1.649s] [35m[1mScanning dependencies of target gtest[0m
[1.651s] [35m[1mScanning dependencies of target camera_calibration_parsers[0m
[1.656s] [35m[1mScanning dependencies of target gtest_main[0m
[1.671s] [  7%] [32mBuilding CXX object gtest/CMakeFiles/gtest.dir/src/gtest-all.cc.o[0m
[1.675s] [ 14%] [32mBuilding CXX object gtest/CMakeFiles/gtest_main.dir/src/gtest_main.cc.o[0m
[1.695s] [ 21%] [32mBuilding CXX object CMakeFiles/camera_calibration_parsers.dir/src/parse_ini.cpp.o[0m
[1.696s] [ 28%] [32mBuilding CXX object CMakeFiles/camera_calibration_parsers.dir/src/parse_yml.cpp.o[0m
[1.700s] [ 35%] [32mBuilding CXX object CMakeFiles/camera_calibration_parsers.dir/src/parse.cpp.o[0m
[3.163s] [ 42%] [32m[1mLinking CXX static library libgtest_main.a[0m
[3.271s] [ 42%] Built target gtest_main
[4.375s] [ 50%] [32m[1mLinking CXX shared library libcamera_calibration_parsers.so[0m
[4.602s] [ 50%] Built target camera_calibration_parsers
[4.620s] [35m[1mScanning dependencies of target convert[0m
[4.652s] [ 57%] [32mBuilding CXX object CMakeFiles/convert.dir/src/convert.cpp.o[0m
[5.582s] [ 64%] [32m[1mLinking CXX executable convert[0m
[5.755s] [ 64%] Built target convert
[6.425s] [ 71%] [32m[1mLinking CXX static library libgtest.a[0m
[6.484s] [ 71%] Built target gtest
[6.495s] [35m[1mScanning dependencies of target camera_calibration_parsers-parse_ini[0m
[6.496s] [35m[1mScanning dependencies of target camera_calibration_parsers-parse_yml[0m
[6.522s] [ 85%] [32mBuilding CXX object CMakeFiles/camera_calibration_parsers-parse_yml.dir/test/test_parse_yml.cpp.o[0m
[6.523s] [ 85%] [32mBuilding CXX object CMakeFiles/camera_calibration_parsers-parse_ini.dir/test/test_parse_ini.cpp.o[0m
[7.792s] [ 92%] [32m[1mLinking CXX executable camera_calibration_parsers-parse_yml[0m
[7.810s] [100%] [32m[1mLinking CXX executable camera_calibration_parsers-parse_ini[0m
[8.012s] [100%] Built target camera_calibration_parsers-parse_yml
[8.037s] [100%] Built target camera_calibration_parsers-parse_ini
[8.137s] [ 28%] Built target gtest
[8.137s] [ 28%] Built target gtest_main
[8.147s] [ 57%] Built target camera_calibration_parsers
[8.172s] [ 85%] Built target camera_calibration_parsers-parse_yml
[8.173s] [ 85%] Built target camera_calibration_parsers-parse_ini
[8.177s] [100%] Built target convert
[8.193s] [36mInstall the project...[0m
[8.200s] -- Install configuration: ""
[8.200s] -- Execute custom install script
[8.201s] -- Symlinking: /home/mirellameelo/ws/image_common-dashing/install/camera_calibration_parsers/lib/libcamera_calibration_parsers.so
[8.209s] -- Symlinking: /home/mirellameelo/ws/image_common-dashing/install/camera_calibration_parsers/lib/camera_calibration_parsers/convert
[8.217s] -- Symlinking: /home/mirellameelo/ws/image_common-dashing/install/camera_calibration_parsers/include/camera_calibration_parsers/impl/filesystem_helper.hpp
[8.224s] -- Symlinking: /home/mirellameelo/ws/image_common-dashing/install/camera_calibration_parsers/include/camera_calibration_parsers/impl/split.hpp
[8.232s] -- Symlinking: /home/mirellameelo/ws/image_common-dashing/install/camera_calibration_parsers/include/camera_calibration_parsers/parse.h
[8.240s] -- Symlinking: /home/mirellameelo/ws/image_common-dashing/install/camera_calibration_parsers/include/camera_calibration_parsers/parse_ini.h
[8.248s] -- Symlinking: /home/mirellameelo/ws/image_common-dashing/install/camera_calibration_parsers/include/camera_calibration_parsers/parse_yml.h
[8.256s] -- Symlinking: /home/mirellameelo/ws/image_common-dashing/install/camera_calibration_parsers/include/camera_calibration_parsers/visibility_control.hpp
[8.264s] -- Symlinking: /home/mirellameelo/ws/image_common-dashing/install/camera_calibration_parsers/share/camera_calibration_parsers/environment/library_path.sh
[8.272s] -- Symlinking: /home/mirellameelo/ws/image_common-dashing/install/camera_calibration_parsers/share/ament_index/resource_index/package_run_dependencies/camera_calibration_parsers
[8.279s] -- Symlinking: /home/mirellameelo/ws/image_common-dashing/install/camera_calibration_parsers/share/ament_index/resource_index/parent_prefix_path/camera_calibration_parsers
[8.287s] -- Symlinking: /home/mirellameelo/ws/image_common-dashing/install/camera_calibration_parsers/share/camera_calibration_parsers/environment/ament_prefix_path.sh
[8.294s] -- Symlinking: /home/mirellameelo/ws/image_common-dashing/install/camera_calibration_parsers/share/camera_calibration_parsers/environment/path.sh
[8.302s] -- Symlinking: /home/mirellameelo/ws/image_common-dashing/install/camera_calibration_parsers/share/camera_calibration_parsers/local_setup.bash
[8.309s] -- Symlinking: /home/mirellameelo/ws/image_common-dashing/install/camera_calibration_parsers/share/camera_calibration_parsers/local_setup.sh
[8.317s] -- Symlinking: /home/mirellameelo/ws/image_common-dashing/install/camera_calibration_parsers/share/camera_calibration_parsers/local_setup.zsh
[8.324s] -- Symlinking: /home/mirellameelo/ws/image_common-dashing/install/camera_calibration_parsers/share/ament_index/resource_index/packages/camera_calibration_parsers
[8.332s] -- Symlinking: /home/mirellameelo/ws/image_common-dashing/install/camera_calibration_parsers/share/camera_calibration_parsers/cmake/ament_cmake_export_include_directories-extras.cmake
[8.340s] -- Symlinking: /home/mirellameelo/ws/image_common-dashing/install/camera_calibration_parsers/share/camera_calibration_parsers/cmake/ament_cmake_export_libraries-extras.cmake
[8.347s] -- Symlinking: /home/mirellameelo/ws/image_common-dashing/install/camera_calibration_parsers/share/camera_calibration_parsers/cmake/ament_cmake_export_dependencies-extras.cmake
[8.356s] -- Symlinking: /home/mirellameelo/ws/image_common-dashing/install/camera_calibration_parsers/share/camera_calibration_parsers/cmake/camera_calibration_parsersConfig.cmake
[8.364s] -- Symlinking: /home/mirellameelo/ws/image_common-dashing/install/camera_calibration_parsers/share/camera_calibration_parsers/cmake/camera_calibration_parsersConfig-version.cmake
[8.372s] -- Symlinking: /home/mirellameelo/ws/image_common-dashing/install/camera_calibration_parsers/share/camera_calibration_parsers/package.xml
